#
# A fatal error has been detected by the Java Runtime Environment:
#
#  EXCEPTION_ACCESS_VIOLATION (0xc0000005) at pc=0x000001bbd3f10fa4, pid=11108, tid=16736
#
# JRE version: OpenJDK Runtime Environment Temurin-21.0.2+13 (21.0.2+13) (build 21.0.2+13-LTS)
# Java VM: OpenJDK 64-Bit Server VM Temurin-21.0.2+13 (21.0.2+13-LTS, mixed mode, emulated-client, sharing, tiered, compressed oops, compressed class ptrs, g1 gc, windows-amd64)
# Problematic frame:
# v  ~BufferBlob::MethodHandles adapters 0x000001bbd3f10fa4
#
# No core dump will be written. Minidumps are not enabled by default on client versions of Windows
#
# If you would like to submit a bug report, please visit:
#   https://github.com/adoptium/adoptium-support/issues
#

---------------  S U M M A R Y ------------

Command Line: -XX:+ShowCodeDetailsInExceptionMessages -agentlib:jdwp=transport=dt_socket,suspend=y,address=localhost:56902 -Dcom.sun.management.jmxremote -Dcom.sun.management.jmxremote.port=56901 -Dcom.sun.management.jmxremote.authenticate=false -Dcom.sun.management.jmxremote.ssl=false -Djava.rmi.server.hostname=localhost -Dspring.jmx.enabled=true -Dmanagement.endpoints.jmx.exposure.include=* -Dspring.application.admin.enabled=true -XX:TieredStopAtLevel=1 -Dspring.boot.project.name=cliantManagementSystem -javaagent:C:\ForDevelop\eclipse\pleadesAllInOne2023\eclipse\configuration\org.eclipse.osgi\249\0\.cp\lib\javaagent-shaded.jar -Dfile.encoding=UTF-8 -Dstdout.encoding=UTF-8 -Dstderr.encoding=UTF-8 com.example.demo.CliantManagementSystemApplication --spring.output.ansi.enabled=always

Host: Intel(R) Core(TM) i7-8565U CPU @ 1.80GHz, 8 cores, 15G,  Windows 11 , 64 bit Build 22621 (10.0.22621.3085)
Time: Sun Feb 25 21:47:20 2024  Windows 11 , 64 bit Build 22621 (10.0.22621.3085) elapsed time: 4276.323951 seconds (0d 1h 11m 16s)

---------------  T H R E A D  ---------------

Current thread (0x000001bbe3a12170):  JavaThread "http-nio-8080-exec-8" daemon [_thread_in_Java, id=16736, stack(0x0000008956400000,0x0000008956500000) (1024K)]

Stack: [0x0000008956400000,0x0000008956500000],  sp=0x00000089564fd658,  free space=1013k
Native frames: (J=compiled Java code, j=interpreted, Vv=VM code, C=native code)
C  0x000001bbd3f10fa4

The last pc belongs to _linkToVirtual (printed below).

siginfo: EXCEPTION_ACCESS_VIOLATION (0xc0000005), reading address 0x000001d46048443e


Registers:
RAX=0x000001bbd3ee958b, RBX=0x00000007084cf160, RCX=0x00000089564fd670, RDX=0x0000000000000004
RSP=0x00000089564fd658, RBP=0x00000089564fd6b8, RSI=0x000001bbe39c40e8, RDI=0x000001bbe337e480
R8 =0x0000000000000004, R9 =0x0000000000000004, R10=0x000001bc60484276, R11=0x0000000300000000
R12=0x0000000000000000, R13=0x00000089564fd658, R14=0x00000089564fd6e8, R15=0x000001bbe3a12170
RIP=0x000001bbd3f10fa4, EFLAGS=0x0000000000010202


Register to memory mapping:

RAX=0x000001bbd3ee958b is at code_begin+4363 in an Interpreter codelet
return entry points  [0x000001bbd3ee8480, 0x000001bbd3eea298]  7704 bytes
RBX=0x00000007084cf160 is an oop: org.springframework.validation.support.BindingAwareModelMap 
{0x00000007084cf160} - klass: 'org/springframework/validation/support/BindingAwareModelMap'
 - ---- fields (total size 8 words):
 - transient 'keySet' 'Ljava/util/Set;' @12  null (0x00000000)
 - transient 'values' 'Ljava/util/Collection;' @16  null (0x00000000)
 - transient 'size' 'I' @20  3 (0x00000003)
 - transient 'modCount' 'I' @24  3 (0x00000003)
 - 'threshold' 'I' @28  3 (0x00000003)
 - final 'loadFactor' 'F' @32  0.750000 (0x3f400000)
 - transient 'table' '[Ljava/util/HashMap$Node;' @36  a 'java/util/HashMap$Node'[4] {0x00000007084d00b8} (0xe109a017)
 - transient 'entrySet' 'Ljava/util/Set;' @40  null (0x00000000)
 - transient 'putMode' 'I' @44  0 (0x00000000)
 - final 'accessOrder' 'Z' @48  false (0x00)
 - transient 'head' 'Ljava/util/LinkedHashMap$Entry;' @52  a 'java/util/LinkedHashMap$Entry'{0x00000007084d00d8} (0xe109a01b)
 - transient 'tail' 'Ljava/util/LinkedHashMap$Entry;' @56  a 'java/util/LinkedHashMap$Entry'{0x00000007084df6d0} (0xe109beda)
RCX=0x00000089564fd670 is pointing into the stack for thread: 0x000001bbe3a12170
RDX=0x0000000000000004 is an unknown value
RSP=0x00000089564fd658 is pointing into the stack for thread: 0x000001bbe3a12170
RBP=0x00000089564fd6b8 is pointing into the stack for thread: 0x000001bbe3a12170
RSI=0x000001bbe39c40e8 points into unknown readable memory: 0x800007009b67922b | 2b 92 67 9b 00 07 00 80
RDI=0x000001bbe337e480 points into unknown readable memory: 0x0000002800000080 | 80 00 00 00 28 00 00 00
R8 =0x0000000000000004 is an unknown value
R9 =0x0000000000000004 is an unknown value
R10=0x000001bc60484276 is an unknown value
R11=0x0000000300000000 is an unknown value
R12=0x0 is null
R13=0x00000089564fd658 is pointing into the stack for thread: 0x000001bbe3a12170
R14=0x00000089564fd6e8 is pointing into the stack for thread: 0x000001bbe3a12170
R15=0x000001bbe3a12170 is a thread

Top of Stack: (sp=0x00000089564fd658)
0x00000089564fd658:   000001bbd3ee958b 00000007084cf8a0
0x00000089564fd668:   0000000706056c08 00000089564fd670
0x00000089564fd678:   000001bbe0484276 0000000000000006
0x00000089564fd688:   000001bbe04843c8 00000089564fd758
0x00000089564fd698:   000000070504d938 000001bbe0484288
0x00000089564fd6a8:   00000089564fd658 00000089564fd6f0
0x00000089564fd6b8:   00000089564fd758 000001bbd3ee958b
0x00000089564fd6c8:   0000000706a67d80 00000007084cf160
0x00000089564fd6d8:   00000007084cf8a0 0000000706056c08
0x00000089564fd6e8:   0000000706a67d10 00000007084cf160
0x00000089564fd6f8:   00000007084cf8a0 0000000706056c08
0x00000089564fd708:   0000000706a67d10 00000089564fd710
0x00000089564fd718:   000001bbdfcecf01 000000000000000c
0x00000089564fd728:   000001bbe1b45058 0000000000000000
0x00000089564fd738:   0000000705705058 000001bbdfcecf10
0x00000089564fd748:   00000089564fd6f0 00000089564fd7c0
0x00000089564fd758:   00000089564fda70 000001bbd499feaa
0x00000089564fd768:   0000000706a67d10 0000000706056c08
0x00000089564fd778:   0000000706a67e08 00000007084cf8a0
0x00000089564fd788:   0000000706a67e30 00000007084cf160
0x00000089564fd798:   0000000706a67e58 00000007084cf160
0x00000089564fd7a8:   00000007084cf8a0 0000000706056c08
0x00000089564fd7b8:   0000000706a67ce0 0000000000000000
0x00000089564fd7c8:   0000000000000000 0000000706a916a8
0x00000089564fd7d8:   0000000705264358 0000000000000000
0x00000089564fd7e8:   0000000000000000 0000000000000000
0x00000089564fd7f8:   0000000000000000 0000000000000000
0x00000089564fd808:   00000000e116bc70 00000089564fda70
0x00000089564fd818:   000001bbd431114c 0000000000000000
0x00000089564fd828:   0000000000000000 0000000000000000
0x00000089564fd838:   0000000000000c00 0000000000000000
0x00000089564fd848:   0000000000000000 0000000000000000 

Instructions: (pc=0x000001bbd3f10fa4)
0x000001bbd3f10ea4:   bb 01 00 00 00 0f f1 d3 bb 01 00 00 80 1f f1 d3
0x000001bbd3f10eb4:   bb 01 00 00 f0 0e f1 d3 bb 01 00 00 f0 0e f1 d3
0x000001bbd3f10ec4:   bb 01 00 00 00 00 00 00 00 00 00 00 b8 f6 5f c3
0x000001bbd3f10ed4:   fc 7f 00 00 f0 10 00 00 60 00 00 00 ff ff ff ff
0x000001bbd3f10ee4:   f0 10 00 00 00 00 00 00 00 00 00 00 00 00 00 00
0x000001bbd3f10ef4:   00 00 00 00 00 00 00 00 00 00 00 00 f4 66 66 66
0x000001bbd3f10f04:   0f 1f 84 00 00 00 00 00 66 66 66 90 66 66 66 0f
0x000001bbd3f10f14:   1f 84 00 00 00 00 00 66 66 66 90 90 48 8b 53 08
0x000001bbd3f10f24:   0f b7 52 2e 48 8b 0c d4 8b 59 14 48 c1 e3 03 8b
0x000001bbd3f10f34:   5b 28 48 c1 e3 03 8b 5b 24 48 c1 e3 03 48 8b 5b
0x000001bbd3f10f44:   10 48 85 db 0f 84 10 00 00 00 41 80 bf e0 05 00
0x000001bbd3f10f54:   00 00 74 03 ff 63 38 ff 63 50 e9 9d 16 00 00 66
0x000001bbd3f10f64:   66 66 0f 1f 84 00 00 00 00 00 66 66 66 90 66 66
0x000001bbd3f10f74:   0f 1f 84 00 00 00 00 00 66 66 66 90 48 8b 53 08
0x000001bbd3f10f84:   0f b7 52 2e 48 8b 0c d4 58 5b 50 44 8b 51 08 49
0x000001bbd3f10f94:   bb 00 00 00 80 bb 01 00 00 4d 03 d3 4c 8b 5b 10
0x000001bbd3f10fa4:   4b 8b 9c da c8 01 00 00 48 85 db 0f 84 10 00 00
0x000001bbd3f10fb4:   00 41 80 bf e0 05 00 00 00 74 03 ff 63 38 ff 63
0x000001bbd3f10fc4:   50 e9 36 16 00 00 66 66 66 0f 1f 84 00 00 00 00
0x000001bbd3f10fd4:   00 66 66 66 90 0f 1f 80 00 00 00 00 58 5b 50 8b
0x000001bbd3f10fe4:   5b 24 48 c1 e3 03 48 8b 5b 10 48 85 db 0f 84 10
0x000001bbd3f10ff4:   00 00 00 41 80 bf e0 05 00 00 00 74 03 ff 63 38
0x000001bbd3f11004:   ff 63 50 e9 f4 15 00 00 66 66 66 0f 1f 84 00 00
0x000001bbd3f11014:   00 00 00 66 66 66 90 0f 1f 44 00 00 48 8b 53 08
0x000001bbd3f11024:   0f b7 52 2e 48 8b 0c d4 58 5b 50 48 3b 01 8b 5b
0x000001bbd3f11034:   24 48 c1 e3 03 48 8b 5b 10 48 85 db 0f 84 10 00
0x000001bbd3f11044:   00 00 41 80 bf e0 05 00 00 00 74 03 ff 63 38 ff
0x000001bbd3f11054:   63 50 e9 a5 15 00 00 0f 1f 44 00 00 48 8b 53 08
0x000001bbd3f11064:   0f b7 52 2e 48 8b 0c d4 58 5b 50 44 8b 51 08 49
0x000001bbd3f11074:   bb 00 00 00 80 bb 01 00 00 4d 03 d3 8b 43 18 48
0x000001bbd3f11084:   c1 e0 03 48 8b 40 10 48 8b 5b 10 45 8b 9a a0 00
0x000001bbd3f11094:   00 00 4f 8d 9c da c8 01 00 00 4d 8d 14 da 49 8b 


Stack slot to memory mapping:

stack at sp + 0 slots: 0x000001bbd3ee958b is at code_begin+4363 in an Interpreter codelet
return entry points  [0x000001bbd3ee8480, 0x000001bbd3eea298]  7704 bytes
stack at sp + 1 slots: 0x00000007084cf8a0 is an oop: com.example.demo.web.cliant.SearchForm 
{0x00000007084cf8a0} - klass: 'com/example/demo/web/cliant/SearchForm'
 - ---- fields (total size 4 words):
 - private 'sei' 'Ljava/lang/String;' @12  null (0x00000000)
 - private 'mei' 'Ljava/lang/String;' @16  null (0x00000000)
 - private 'mailaddress' 'Ljava/lang/String;' @20  null (0x00000000)
 - private 'tellnumber' 'Ljava/lang/String;' @24  null (0x00000000)
stack at sp + 2 slots: 0x0000000706056c08 is an oop: com.example.demo.web.cliant.CliantController 
{0x0000000706056c08} - klass: 'com/example/demo/web/cliant/CliantController'
 - ---- fields (total size 2 words):
 - private final 'cliantService' 'Lcom/example/demo/domain/cliant/CliantService;' @12  a 'com/example/demo/domain/cliant/CliantService$$SpringCGLIB$$0'{0x0000000705d17c60} (0xe0ba2f8c)
stack at sp + 3 slots: 0x00000089564fd670 is pointing into the stack for thread: 0x000001bbe3a12170
stack at sp + 4 slots: 0x000001bbe0484276 is pointing into metadata
stack at sp + 5 slots: 0x0000000000000006 is an unknown value
stack at sp + 6 slots: 0x000001bbe04843c8 is pointing into metadata
stack at sp + 7 slots: 0x00000089564fd758 is pointing into the stack for thread: 0x000001bbe3a12170

MethodHandle::interpreter_entry::_linkToVirtual [0x000001bbd3f10f63, 0x000001bbd3f10fca] (103 bytes)
[MachCode]
  0x000001bbd3f10f63: 6666 660f | 1f84 0000 | 0000 0066 | 6666 9066 | 660f 1f84 | 0000 0000 | 0066 6666 | 9048 8b53 
  0x000001bbd3f10f83: 080f b752 | 2e48 8b0c | d458 5b50 | 448b 5108 | 49bb 0000 | 0080 bb01 | 0000 4d03 | d34c 8b5b 
  0x000001bbd3f10fa3: 104b 8b9c | dac8 0100 | 0048 85db | 0f84 1000 | 0000 4180 | bfe0 0500 | 0000 7403 | ff63 38ff 
  0x000001bbd3f10fc3: 6350 e936 | 
[/MachCode]

---------------  P R O C E S S  ---------------

Threads class SMR info:
_java_thread_list=0x000001bbe5a9fcb0, length=38, elements={
0x000001bbde96fa50, 0x000001bbde9725c0, 0x000001bbde975350, 0x000001bbde9763c0,
0x000001bbde978fe0, 0x000001bbde97ac60, 0x000001bbde988000, 0x000001bbdeadf470,
0x000001bbdebb7d70, 0x000001bbdebbfec0, 0x000001bbdebc2e80, 0x000001bbe34fc6b0,
0x000001bbe370d610, 0x000001bbe3721240, 0x000001bbe3728610, 0x000001bbe3d027e0,
0x000001bbe3d14fd0, 0x000001bbe4aecde0, 0x000001bbe4aec750, 0x000001bbe5531390,
0x000001bbe3a0d2b0, 0x000001bbe3a10730, 0x000001bbe3a0dfd0, 0x000001bbe3a0e660,
0x000001bbe3a12800, 0x000001bbe3a13520, 0x000001bbe3a0f380, 0x000001bbe3a0fa10,
0x000001bbe3a11ae0, 0x000001bbe3a100a0, 0x000001bbe3a10dc0, 0x000001bbe3a0c590,
0x000001bbe3a12170, 0x000001bbe3a13bb0, 0x000001bbe4aeeeb0, 0x000001bbe4aec0c0,
0x000001bbe4aed470, 0x000001bbe4aee820
}

Java Threads: ( => current thread )
  0x000001bbde96fa50 JavaThread "Reference Handler"          daemon [_thread_blocked, id=8532, stack(0x0000008953a00000,0x0000008953b00000) (1024K)]
  0x000001bbde9725c0 JavaThread "Finalizer"                  daemon [_thread_blocked, id=23516, stack(0x0000008953b00000,0x0000008953c00000) (1024K)]
  0x000001bbde975350 JavaThread "Signal Dispatcher"          daemon [_thread_blocked, id=19984, stack(0x0000008953c00000,0x0000008953d00000) (1024K)]
  0x000001bbde9763c0 JavaThread "Attach Listener"            daemon [_thread_blocked, id=16948, stack(0x0000008953d00000,0x0000008953e00000) (1024K)]
  0x000001bbde978fe0 JavaThread "Service Thread"             daemon [_thread_blocked, id=2088, stack(0x0000008953e00000,0x0000008953f00000) (1024K)]
  0x000001bbde97ac60 JavaThread "Monitor Deflation Thread"   daemon [_thread_blocked, id=1764, stack(0x0000008953f00000,0x0000008954000000) (1024K)]
  0x000001bbde988000 JavaThread "C1 CompilerThread0"         daemon [_thread_blocked, id=9020, stack(0x0000008954000000,0x0000008954100000) (1024K)]
  0x000001bbdeadf470 JavaThread "Common-Cleaner"             daemon [_thread_blocked, id=3760, stack(0x0000008954100000,0x0000008954200000) (1024K)]
  0x000001bbdebb7d70 JavaThread "JDWP Transport Listener: dt_socket" daemon [_thread_blocked, id=14004, stack(0x0000008954500000,0x0000008954600000) (1024K)]
  0x000001bbdebbfec0 JavaThread "JDWP Event Helper Thread"   daemon [_thread_blocked, id=6924, stack(0x0000008954600000,0x0000008954700000) (1024K)]
  0x000001bbdebc2e80 JavaThread "JDWP Command Reader"        daemon [_thread_in_native, id=15528, stack(0x0000008954700000,0x0000008954800000) (1024K)]
  0x000001bbe34fc6b0 JavaThread "Notification Thread"        daemon [_thread_blocked, id=23544, stack(0x0000008954800000,0x0000008954900000) (1024K)]
  0x000001bbe370d610 JavaThread "RMI TCP Accept-0"           daemon [_thread_in_native, id=24760, stack(0x0000008955000000,0x0000008955100000) (1024K)]
  0x000001bbe3721240 JavaThread "RMI TCP Accept-56901"       daemon [_thread_in_native, id=23340, stack(0x0000008955100000,0x0000008955200000) (1024K)]
  0x000001bbe3728610 JavaThread "RMI TCP Accept-0"           daemon [_thread_in_native, id=3528, stack(0x0000008955200000,0x0000008955300000) (1024K)]
  0x000001bbe3d027e0 JavaThread "RMI Scheduler(0)"           daemon [_thread_blocked, id=10808, stack(0x0000008955600000,0x0000008955700000) (1024K)]
  0x000001bbe3d14fd0 JavaThread "RMI TCP Connection(idle)"   daemon [_thread_blocked, id=4896, stack(0x0000008955700000,0x0000008955800000) (1024K)]
  0x000001bbe4aecde0 JavaThread "mysql-cj-abandoned-connection-cleanup" daemon [_thread_blocked, id=14356, stack(0x0000008955900000,0x0000008955a00000) (1024K)]
  0x000001bbe4aec750 JavaThread "Live Reload Server"         daemon [_thread_in_native, id=16236, stack(0x0000008956200000,0x0000008956300000) (1024K)]
  0x000001bbe5531390 JavaThread "DestroyJavaVM"                     [_thread_blocked, id=3572, stack(0x0000008953200000,0x0000008953300000) (1024K)]
  0x000001bbe3a0d2b0 JavaThread "HikariPool-13 housekeeper"  daemon [_thread_blocked, id=23520, stack(0x0000008954200000,0x0000008954300000) (1024K)]
  0x000001bbe3a10730 JavaThread "Catalina-utility-1"                [_thread_blocked, id=25256, stack(0x0000008954300000,0x0000008954400000) (1024K)]
  0x000001bbe3a0dfd0 JavaThread "Catalina-utility-2"                [_thread_blocked, id=2504, stack(0x0000008954400000,0x0000008954500000) (1024K)]
  0x000001bbe3a0e660 JavaThread "container-0"                       [_thread_blocked, id=17800, stack(0x0000008955300000,0x0000008955400000) (1024K)]
  0x000001bbe3a12800 JavaThread "File Watcher"               daemon [_thread_blocked, id=11496, stack(0x0000008955500000,0x0000008955600000) (1024K)]
  0x000001bbe3a13520 JavaThread "http-nio-8080-exec-1"       daemon [_thread_blocked, id=20860, stack(0x0000008955b00000,0x0000008955c00000) (1024K)]
  0x000001bbe3a0f380 JavaThread "http-nio-8080-exec-2"       daemon [_thread_blocked, id=22588, stack(0x0000008955c00000,0x0000008955d00000) (1024K)]
  0x000001bbe3a0fa10 JavaThread "http-nio-8080-exec-3"       daemon [_thread_blocked, id=11640, stack(0x0000008955d00000,0x0000008955e00000) (1024K)]
  0x000001bbe3a11ae0 JavaThread "http-nio-8080-exec-4"       daemon [_thread_blocked, id=22080, stack(0x0000008955f00000,0x0000008956000000) (1024K)]
  0x000001bbe3a100a0 JavaThread "http-nio-8080-exec-5"       daemon [_thread_blocked, id=16660, stack(0x0000008956000000,0x0000008956100000) (1024K)]
  0x000001bbe3a10dc0 JavaThread "http-nio-8080-exec-6"       daemon [_thread_blocked, id=20260, stack(0x0000008956100000,0x0000008956200000) (1024K)]
  0x000001bbe3a0c590 JavaThread "http-nio-8080-exec-7"       daemon [_thread_blocked, id=20536, stack(0x0000008956300000,0x0000008956400000) (1024K)]
=>0x000001bbe3a12170 JavaThread "http-nio-8080-exec-8"       daemon [_thread_in_Java, id=16736, stack(0x0000008956400000,0x0000008956500000) (1024K)]
  0x000001bbe3a13bb0 JavaThread "http-nio-8080-exec-9"       daemon [_thread_blocked, id=9864, stack(0x0000008956500000,0x0000008956600000) (1024K)]
  0x000001bbe4aeeeb0 JavaThread "http-nio-8080-exec-10"      daemon [_thread_blocked, id=16172, stack(0x0000008956600000,0x0000008956700000) (1024K)]
  0x000001bbe4aec0c0 JavaThread "http-nio-8080-Poller"       daemon [_thread_in_native, id=12560, stack(0x0000008956700000,0x0000008956800000) (1024K)]
  0x000001bbe4aed470 JavaThread "http-nio-8080-Acceptor"     daemon [_thread_in_native, id=17328, stack(0x0000008956800000,0x0000008956900000) (1024K)]
  0x000001bbe4aee820 JavaThread "JMX server connection timeout 348" daemon [_thread_blocked, id=18508, stack(0x0000008953000000,0x0000008953100000) (1024K)]
Total: 38

Other Threads:
  0x000001bbde94cb60 VMThread "VM Thread"                           [id=21872, stack(0x0000008953900000,0x0000008953a00000) (1024K)]
  0x000001bbde937e20 WatcherThread "VM Periodic Task Thread"        [id=17072, stack(0x0000008953800000,0x0000008953900000) (1024K)]
  0x000001bbcb882d10 WorkerThread "GC Thread#0"                     [id=24152, stack(0x0000008953300000,0x0000008953400000) (1024K)]
  0x000001bbe36cc240 WorkerThread "GC Thread#1"                     [id=8160, stack(0x0000008954900000,0x0000008954a00000) (1024K)]
  0x000001bbe36cc5e0 WorkerThread "GC Thread#2"                     [id=15088, stack(0x0000008954a00000,0x0000008954b00000) (1024K)]
  0x000001bbe36cc980 WorkerThread "GC Thread#3"                     [id=7796, stack(0x0000008954b00000,0x0000008954c00000) (1024K)]
  0x000001bbe36ccd20 WorkerThread "GC Thread#4"                     [id=4028, stack(0x0000008954c00000,0x0000008954d00000) (1024K)]
  0x000001bbe36cd8d0 WorkerThread "GC Thread#5"                     [id=14888, stack(0x0000008954d00000,0x0000008954e00000) (1024K)]
  0x000001bbe36f21f0 WorkerThread "GC Thread#6"                     [id=5748, stack(0x0000008954e00000,0x0000008954f00000) (1024K)]
  0x000001bbe36f29a0 WorkerThread "GC Thread#7"                     [id=17996, stack(0x0000008954f00000,0x0000008955000000) (1024K)]
  0x000001bbcb893900 ConcurrentGCThread "G1 Main Marker"            [id=14928, stack(0x0000008953400000,0x0000008953500000) (1024K)]
  0x000001bbcb894d50 WorkerThread "G1 Conc#0"                       [id=5844, stack(0x0000008953500000,0x0000008953600000) (1024K)]
  0x000001bbe3de4050 WorkerThread "G1 Conc#1"                       [id=22340, stack(0x0000008955a00000,0x0000008955b00000) (1024K)]
  0x000001bbde80aa60 ConcurrentGCThread "G1 Refine#0"               [id=15440, stack(0x0000008953600000,0x0000008953700000) (1024K)]
  0x000001bbde80bcf0 ConcurrentGCThread "G1 Service"                [id=15552, stack(0x0000008953700000,0x0000008953800000) (1024K)]
Total: 15

Threads with active compile tasks:
Total: 0

VM state: not at safepoint (normal execution)

VM Mutex/Monitor currently owned by a thread: None

Heap address: 0x0000000704600000, size: 4026 MB, Compressed Oops mode: Zero based, Oop shift amount: 3

CDS archive(s) mapped at: [0x000001bb80000000-0x000001bb80c90000-0x000001bb80c90000), size 13172736, SharedBaseAddress: 0x000001bb80000000, ArchiveRelocationMode: 1.
Compressed class space mapped at: 0x000001bb81000000-0x000001bbc1000000, reserved size: 1073741824
Narrow klass base: 0x000001bb80000000, Narrow klass shift: 0, Narrow klass range: 0x100000000

GC Precious Log:
 CardTable entry size: 512
 Card Set container configuration: InlinePtr #cards 4 size 8 Array Of Cards #cards 16 size 48 Howl #buckets 8 coarsen threshold 3686 Howl Bitmap #cards 512 size 80 coarsen threshold 460 Card regions per heap region 1 cards per card region 4096
 CPUs: 8 total, 8 available
 Memory: 16101M
 Large Page Support: Disabled
 NUMA Support: Disabled
 Compressed Oops: Enabled (Zero based)
 Heap Region Size: 2M
 Heap Min Capacity: 8M
 Heap Initial Capacity: 252M
 Heap Max Capacity: 4026M
 Pre-touch: Disabled
 Parallel Workers: 8
 Concurrent Workers: 2
 Concurrent Refinement Workers: 8
 Periodic GC: Disabled

Heap:
 garbage-first heap   total 75776K, used 50076K [0x0000000704600000, 0x0000000800000000)
  region size 2048K, 14 young (28672K), 2 survivors (4096K)
 Metaspace       used 50996K, committed 51840K, reserved 1114112K
  class space    used 6758K, committed 7168K, reserved 1048576K

Heap Regions: E=young(eden), S=young(survivor), O=old, HS=humongous(starts), HC=humongous(continues), CS=collection set, F=free, TAMS=top-at-mark-start, PB=parsable bottom
|   0|0x0000000704600000, 0x00000007047fffe8, 0x0000000704800000| 99%| O|  |TAMS 0x0000000704600000| PB 0x0000000704600000| Untracked 
|   1|0x0000000704800000, 0x00000007049fffc8, 0x0000000704a00000| 99%| O|  |TAMS 0x0000000704800000| PB 0x0000000704800000| Untracked 
|   2|0x0000000704a00000, 0x0000000704bffff0, 0x0000000704c00000| 99%| O|  |TAMS 0x0000000704a00000| PB 0x0000000704a00000| Untracked 
|   3|0x0000000704c00000, 0x0000000704dfffe0, 0x0000000704e00000| 99%| O|  |TAMS 0x0000000704c00000| PB 0x0000000704c00000| Untracked 
|   4|0x0000000704e00000, 0x0000000705000000, 0x0000000705000000|100%| O|  |TAMS 0x0000000704e00000| PB 0x0000000704e00000| Untracked 
|   5|0x0000000705000000, 0x00000007051ffff0, 0x0000000705200000| 99%| O|  |TAMS 0x0000000705000000| PB 0x0000000705000000| Untracked 
|   6|0x0000000705200000, 0x00000007053fea28, 0x0000000705400000| 99%| O|  |TAMS 0x0000000705200000| PB 0x0000000705200000| Untracked 
|   7|0x0000000705400000, 0x00000007055ffff8, 0x0000000705600000| 99%| O|  |TAMS 0x0000000705400000| PB 0x0000000705400000| Untracked 
|   8|0x0000000705600000, 0x0000000705800000, 0x0000000705800000|100%| O|  |TAMS 0x0000000705600000| PB 0x0000000705600000| Untracked 
|   9|0x0000000705800000, 0x00000007059788b0, 0x0000000705a00000| 73%| O|  |TAMS 0x0000000705800000| PB 0x0000000705800000| Untracked 
|  10|0x0000000705a00000, 0x0000000705bffff0, 0x0000000705c00000| 99%| O|  |TAMS 0x0000000705a00000| PB 0x0000000705a00000| Untracked 
|  11|0x0000000705c00000, 0x0000000705e00000, 0x0000000705e00000|100%| O|  |TAMS 0x0000000705c00000| PB 0x0000000705c00000| Untracked 
|  12|0x0000000705e00000, 0x0000000705f82fd0, 0x0000000706000000| 75%| O|  |TAMS 0x0000000705e00000| PB 0x0000000705e00000| Untracked 
|  13|0x0000000706000000, 0x00000007060bb740, 0x0000000706200000| 36%| O|  |TAMS 0x0000000706000000| PB 0x0000000706000000| Untracked 
|  14|0x0000000706200000, 0x0000000706200000, 0x0000000706400000|  0%| F|  |TAMS 0x0000000706200000| PB 0x0000000706200000| Untracked 
|  15|0x0000000706400000, 0x0000000706531820, 0x0000000706600000| 59%| S|CS|TAMS 0x0000000706400000| PB 0x0000000706400000| Complete 
|  16|0x0000000706600000, 0x0000000706600000, 0x0000000706800000|  0%| F|  |TAMS 0x0000000706600000| PB 0x0000000706600000| Untracked 
|  17|0x0000000706800000, 0x0000000706800000, 0x0000000706a00000|  0%| F|  |TAMS 0x0000000706800000| PB 0x0000000706800000| Untracked 
|  18|0x0000000706a00000, 0x0000000706c00000, 0x0000000706c00000|100%| S|CS|TAMS 0x0000000706a00000| PB 0x0000000706a00000| Complete 
|  19|0x0000000706c00000, 0x0000000706c00000, 0x0000000706e00000|  0%| F|  |TAMS 0x0000000706c00000| PB 0x0000000706c00000| Untracked 
|  20|0x0000000706e00000, 0x0000000706e00000, 0x0000000707000000|  0%| F|  |TAMS 0x0000000706e00000| PB 0x0000000706e00000| Untracked 
|  21|0x0000000707000000, 0x0000000707000000, 0x0000000707200000|  0%| F|  |TAMS 0x0000000707000000| PB 0x0000000707000000| Untracked 
|  22|0x0000000707200000, 0x0000000707200000, 0x0000000707400000|  0%| F|  |TAMS 0x0000000707200000| PB 0x0000000707200000| Untracked 
|  23|0x0000000707400000, 0x0000000707400000, 0x0000000707600000|  0%| F|  |TAMS 0x0000000707400000| PB 0x0000000707400000| Untracked 
|  24|0x0000000707600000, 0x0000000707600000, 0x0000000707800000|  0%| F|  |TAMS 0x0000000707600000| PB 0x0000000707600000| Untracked 
|  25|0x0000000707800000, 0x000000070788a528, 0x0000000707a00000| 27%| E|  |TAMS 0x0000000707800000| PB 0x0000000707800000| Complete 
|  26|0x0000000707a00000, 0x0000000707c00000, 0x0000000707c00000|100%| E|  |TAMS 0x0000000707a00000| PB 0x0000000707a00000| Complete 
|  27|0x0000000707c00000, 0x0000000707e00000, 0x0000000707e00000|100%| E|CS|TAMS 0x0000000707c00000| PB 0x0000000707c00000| Complete 
|  28|0x0000000707e00000, 0x0000000708000000, 0x0000000708000000|100%| E|CS|TAMS 0x0000000707e00000| PB 0x0000000707e00000| Complete 
|  29|0x0000000708000000, 0x0000000708200000, 0x0000000708200000|100%| E|CS|TAMS 0x0000000708000000| PB 0x0000000708000000| Complete 
|  30|0x0000000708200000, 0x0000000708400000, 0x0000000708400000|100%| E|CS|TAMS 0x0000000708200000| PB 0x0000000708200000| Complete 
|  31|0x0000000708400000, 0x0000000708600000, 0x0000000708600000|100%| E|CS|TAMS 0x0000000708400000| PB 0x0000000708400000| Complete 
|  32|0x0000000708600000, 0x0000000708800000, 0x0000000708800000|100%| E|CS|TAMS 0x0000000708600000| PB 0x0000000708600000| Complete 
|  33|0x0000000708800000, 0x0000000708a00000, 0x0000000708a00000|100%| E|CS|TAMS 0x0000000708800000| PB 0x0000000708800000| Complete 
|  34|0x0000000708a00000, 0x0000000708c00000, 0x0000000708c00000|100%| E|CS|TAMS 0x0000000708a00000| PB 0x0000000708a00000| Complete 
|  35|0x0000000708c00000, 0x0000000708e00000, 0x0000000708e00000|100%| E|CS|TAMS 0x0000000708c00000| PB 0x0000000708c00000| Complete 
|  36|0x0000000708e00000, 0x0000000709000000, 0x0000000709000000|100%| E|CS|TAMS 0x0000000708e00000| PB 0x0000000708e00000| Complete 

Card table byte_map: [0x000001bbd77d0000,0x000001bbd7fb0000] _byte_map_base: 0x000001bbd3fad000

Marking Bits: (CMBitMap*) 0x000001bbcb883410
 Bits: [0x000001bbd7fb0000, 0x000001bbdbe98000)

Polling page: 0x000001bbc9710000

Metaspace:

Usage:
  Non-class:     43.20 MB used.
      Class:      6.60 MB used.
       Both:     49.80 MB used.

Virtual space:
  Non-class space:       64.00 MB reserved,      43.62 MB ( 68%) committed,  1 nodes.
      Class space:        1.00 GB reserved,       7.00 MB ( <1%) committed,  1 nodes.
             Both:        1.06 GB reserved,      50.62 MB (  5%) committed. 

Chunk freelists:
   Non-Class:  4.06 MB
       Class:  9.00 MB
        Both:  13.06 MB

MaxMetaspaceSize: unlimited
CompressedClassSpaceSize: 1.00 GB
Initial GC threshold: 21.00 MB
Current GC threshold: 84.19 MB
CDS: on
 - commit_granule_bytes: 65536.
 - commit_granule_words: 8192.
 - virtual_space_node_default_size: 8388608.
 - enlarge_chunks_in_place: 1.
 - use_allocation_guard: 0.


Internal statistics:

num_allocs_failed_limit: 6.
num_arena_births: 1842.
num_arena_deaths: 832.
num_vsnodes_births: 2.
num_vsnodes_deaths: 0.
num_space_committed: 810.
num_space_uncommitted: 0.
num_chunks_returned_to_freelist: 1001.
num_chunks_taken_from_freelist: 4207.
num_chunk_merges: 193.
num_chunk_splits: 2311.
num_chunks_enlarged: 1474.
num_inconsistent_stats: 0.

CodeCache: size=49152Kb used=17154Kb max_used=18611Kb free=31997Kb
 bounds [0x000001bbd3ee0000, 0x000001bbd5110000, 0x000001bbd6ee0000]
 total_blobs=8829 nmethods=8134 adapters=618
 compilation: enabled
              stopped_count=0, restarted_count=0
 full_count=0

Compilation events (20 events):
Event: 4202.248 Thread 0x000001bbde988000 10359       1       java.lang.Long::toString (8 bytes)
Event: 4202.248 Thread 0x000001bbde988000 nmethod 10359 0x000001bbd50d2310 code [0x000001bbd50d24c0, 0x000001bbd50d25a8]
Event: 4202.248 Thread 0x000001bbde988000 10360       1       org.thymeleaf.standard.expression.LinkExpression::addParameter (130 bytes)
Event: 4202.249 Thread 0x000001bbde988000 nmethod 10360 0x000001bbd50d1510 code [0x000001bbd50d17a0, 0x000001bbd50d1f40]
Event: 4202.249 Thread 0x000001bbde988000 10361       1       org.thymeleaf.standard.expression.LinkExpression::normalizeParameterValue (541 bytes)
Event: 4202.251 Thread 0x000001bbde988000 nmethod 10361 0x000001bbd50cdb10 code [0x000001bbd50cdf60, 0x000001bbd50d0118]
Event: 4202.251 Thread 0x000001bbde988000 10362       1       org.thymeleaf.linkbuilder.StandardLinkBuilder::formatParameterValueAsUnescapedVariableTemplate (107 bytes)
Event: 4202.252 Thread 0x000001bbde988000 nmethod 10362 0x000001bbd50cd190 code [0x000001bbd50cd3c0, 0x000001bbd50cd890]
Event: 4202.252 Thread 0x000001bbde988000 10363       1       com.example.demo.domain.cliant.CliantEntity::getId (5 bytes)
Event: 4202.252 Thread 0x000001bbde988000 nmethod 10363 0x000001bbd50cce90 code [0x000001bbd50cd020, 0x000001bbd50cd0e8]
Event: 4202.252 Thread 0x000001bbde988000 10364       1       java.lang.invoke.DirectMethodHandle$Holder::invokeStatic (17 bytes)
Event: 4202.252 Thread 0x000001bbde988000 nmethod 10364 0x000001bbd50cca90 code [0x000001bbd50ccc40, 0x000001bbd50ccd80]
Event: 4202.252 Thread 0x000001bbde988000 10365       1       java.lang.StringConcatHelper::mix (11 bytes)
Event: 4202.252 Thread 0x000001bbde988000 nmethod 10365 0x000001bbd50cc610 code [0x000001bbd50cc7c0, 0x000001bbd50cc950]
Event: 4202.252 Thread 0x000001bbde988000 10366       1       java.lang.invoke.LambdaForm$MH/0x000001bb810dd000::invoke (32 bytes)
Event: 4202.252 Thread 0x000001bbde988000 nmethod 10366 0x000001bbd50cc190 code [0x000001bbd50cc340, 0x000001bbd50cc4e8]
Event: 4202.252 Thread 0x000001bbde988000 10367       1       java.lang.invoke.DirectMethodHandle$Holder::invokeStatic (21 bytes)
Event: 4202.252 Thread 0x000001bbde988000 nmethod 10367 0x000001bbd50cbd90 code [0x000001bbd50cbf40, 0x000001bbd50cc098]
Event: 4219.765 Thread 0x000001bbde988000 10368       1       java.util.concurrent.locks.AbstractQueuedSynchronizer::acquireInterruptibly (36 bytes)
Event: 4219.765 Thread 0x000001bbde988000 nmethod 10368 0x000001bbd50cb790 code [0x000001bbd50cb960, 0x000001bbd50cbbe0]

GC Heap History (20 events):
Event: 1234.156 GC heap before
{Heap before GC invocations=28 (full 8):
 garbage-first heap   total 75776K, used 61251K [0x0000000704600000, 0x0000000800000000)
  region size 2048K, 20 young (40960K), 2 survivors (4096K)
 Metaspace       used 50416K, committed 51136K, reserved 1114112K
  class space    used 6695K, committed 7040K, reserved 1048576K
}
Event: 1234.160 GC heap after
{Heap after GC invocations=29 (full 8):
 garbage-first heap   total 75776K, used 28863K [0x0000000704600000, 0x0000000800000000)
  region size 2048K, 2 young (4096K), 2 survivors (4096K)
 Metaspace       used 50416K, committed 51136K, reserved 1114112K
  class space    used 6695K, committed 7040K, reserved 1048576K
}
Event: 1243.013 GC heap before
{Heap before GC invocations=29 (full 8):
 garbage-first heap   total 75776K, used 28863K [0x0000000704600000, 0x0000000800000000)
  region size 2048K, 3 young (6144K), 2 survivors (4096K)
 Metaspace       used 50428K, committed 51200K, reserved 1114112K
  class space    used 6696K, committed 7040K, reserved 1048576K
}
Event: 1243.102 GC heap after
{Heap after GC invocations=30 (full 9):
 garbage-first heap   total 75776K, used 21248K [0x0000000704600000, 0x0000000800000000)
  region size 2048K, 0 young (0K), 0 survivors (0K)
 Metaspace       used 50250K, committed 51200K, reserved 1114112K
  class space    used 6649K, committed 7040K, reserved 1048576K
}
Event: 1244.092 GC heap before
{Heap before GC invocations=30 (full 9):
 garbage-first heap   total 75776K, used 62208K [0x0000000704600000, 0x0000000800000000)
  region size 2048K, 20 young (40960K), 0 survivors (0K)
 Metaspace       used 50496K, committed 51264K, reserved 1114112K
  class space    used 6702K, committed 7040K, reserved 1048576K
}
Event: 1244.095 GC heap after
{Heap after GC invocations=31 (full 9):
 garbage-first heap   total 75776K, used 26182K [0x0000000704600000, 0x0000000800000000)
  region size 2048K, 3 young (6144K), 3 survivors (6144K)
 Metaspace       used 50496K, committed 51264K, reserved 1114112K
  class space    used 6702K, committed 7040K, reserved 1048576K
}
Event: 1269.329 GC heap before
{Heap before GC invocations=31 (full 9):
 garbage-first heap   total 75776K, used 42566K [0x0000000704600000, 0x0000000800000000)
  region size 2048K, 12 young (24576K), 3 survivors (6144K)
 Metaspace       used 50557K, committed 51328K, reserved 1114112K
  class space    used 6707K, committed 7040K, reserved 1048576K
}
Event: 1269.373 GC heap after
{Heap after GC invocations=32 (full 10):
 garbage-first heap   total 75776K, used 25238K [0x0000000704600000, 0x0000000800000000)
  region size 2048K, 0 young (0K), 0 survivors (0K)
 Metaspace       used 50554K, committed 51328K, reserved 1114112K
  class space    used 6707K, committed 7040K, reserved 1048576K
}
Event: 1269.732 GC heap before
{Heap before GC invocations=32 (full 10):
 garbage-first heap   total 75776K, used 62102K [0x0000000704600000, 0x0000000800000000)
  region size 2048K, 18 young (36864K), 0 survivors (0K)
 Metaspace       used 50636K, committed 51392K, reserved 1114112K
  class space    used 6716K, committed 7040K, reserved 1048576K
}
Event: 1269.735 GC heap after
{Heap after GC invocations=33 (full 10):
 garbage-first heap   total 75776K, used 28750K [0x0000000704600000, 0x0000000800000000)
  region size 2048K, 2 young (4096K), 2 survivors (4096K)
 Metaspace       used 50636K, committed 51392K, reserved 1114112K
  class space    used 6716K, committed 7040K, reserved 1048576K
}
Event: 1276.439 GC heap before
{Heap before GC invocations=33 (full 10):
 garbage-first heap   total 75776K, used 43086K [0x0000000704600000, 0x0000000800000000)
  region size 2048K, 10 young (20480K), 2 survivors (4096K)
 Metaspace       used 50687K, committed 51456K, reserved 1114112K
  class space    used 6717K, committed 7040K, reserved 1048576K
}
Event: 1276.494 GC heap after
{Heap after GC invocations=34 (full 11):
 garbage-first heap   total 75776K, used 25340K [0x0000000704600000, 0x0000000800000000)
  region size 2048K, 0 young (0K), 0 survivors (0K)
 Metaspace       used 50681K, committed 51456K, reserved 1114112K
  class space    used 6716K, committed 7040K, reserved 1048576K
}
Event: 1276.831 GC heap before
{Heap before GC invocations=34 (full 11):
 garbage-first heap   total 75776K, used 62204K [0x0000000704600000, 0x0000000800000000)
  region size 2048K, 18 young (36864K), 0 survivors (0K)
 Metaspace       used 50764K, committed 51584K, reserved 1114112K
  class space    used 6725K, committed 7104K, reserved 1048576K
}
Event: 1276.834 GC heap after
{Heap after GC invocations=35 (full 11):
 garbage-first heap   total 75776K, used 28813K [0x0000000704600000, 0x0000000800000000)
  region size 2048K, 2 young (4096K), 2 survivors (4096K)
 Metaspace       used 50764K, committed 51584K, reserved 1114112K
  class space    used 6725K, committed 7104K, reserved 1048576K
}
Event: 1341.123 GC heap before
{Heap before GC invocations=35 (full 11):
 garbage-first heap   total 75776K, used 49293K [0x0000000704600000, 0x0000000800000000)
  region size 2048K, 13 young (26624K), 2 survivors (4096K)
 Metaspace       used 50854K, committed 51712K, reserved 1114112K
  class space    used 6740K, committed 7104K, reserved 1048576K
}
Event: 1341.208 GC heap after
{Heap after GC invocations=36 (full 12):
 garbage-first heap   total 75776K, used 23528K [0x0000000704600000, 0x0000000800000000)
  region size 2048K, 0 young (0K), 0 survivors (0K)
 Metaspace       used 50763K, committed 51712K, reserved 1114112K
  class space    used 6718K, committed 7104K, reserved 1048576K
}
Event: 1341.716 GC heap before
{Heap before GC invocations=36 (full 12):
 garbage-first heap   total 75776K, used 62440K [0x0000000704600000, 0x0000000800000000)
  region size 2048K, 19 young (38912K), 0 survivors (0K)
 Metaspace       used 50844K, committed 51712K, reserved 1114112K
  class space    used 6727K, committed 7104K, reserved 1048576K
}
Event: 1341.719 GC heap after
{Heap after GC invocations=37 (full 12):
 garbage-first heap   total 75776K, used 27226K [0x0000000704600000, 0x0000000800000000)
  region size 2048K, 2 young (4096K), 2 survivors (4096K)
 Metaspace       used 50844K, committed 51712K, reserved 1114112K
  class space    used 6727K, committed 7104K, reserved 1048576K
}
Event: 3652.402 GC heap before
{Heap before GC invocations=37 (full 12):
 garbage-first heap   total 75776K, used 62042K [0x0000000704600000, 0x0000000800000000)
  region size 2048K, 20 young (40960K), 2 survivors (4096K)
 Metaspace       used 50982K, committed 51840K, reserved 1114112K
  class space    used 6757K, committed 7168K, reserved 1048576K
}
Event: 3652.407 GC heap after
{Heap after GC invocations=38 (full 12):
 garbage-first heap   total 75776K, used 29596K [0x0000000704600000, 0x0000000800000000)
  region size 2048K, 2 young (4096K), 2 survivors (4096K)
 Metaspace       used 50982K, committed 51840K, reserved 1114112K
  class space    used 6757K, committed 7168K, reserved 1048576K
}

Dll operation events (12 events):
Event: 0.006 Loaded shared library C:\ForDevelop\eclipse\pleadesAllInOne2023\java\21\bin\java.dll
Event: 0.222 Loaded shared library C:\ForDevelop\eclipse\pleadesAllInOne2023\java\21\bin\zip.dll
Event: 0.227 Loaded shared library C:\ForDevelop\eclipse\pleadesAllInOne2023\java\21\bin\instrument.dll
Event: 0.232 Loaded shared library C:\ForDevelop\eclipse\pleadesAllInOne2023\java\21\bin\net.dll
Event: 0.233 Loaded shared library C:\ForDevelop\eclipse\pleadesAllInOne2023\java\21\bin\nio.dll
Event: 0.239 Loaded shared library C:\ForDevelop\eclipse\pleadesAllInOne2023\java\21\bin\zip.dll
Event: 0.374 Loaded shared library C:\ForDevelop\eclipse\pleadesAllInOne2023\java\21\bin\jimage.dll
Event: 0.418 Loaded shared library C:\ForDevelop\eclipse\pleadesAllInOne2023\java\21\bin\management.dll
Event: 0.429 Loaded shared library C:\ForDevelop\eclipse\pleadesAllInOne2023\java\21\bin\management_ext.dll
Event: 0.643 Loaded shared library C:\ForDevelop\eclipse\pleadesAllInOne2023\java\21\bin\verify.dll
Event: 0.758 Loaded shared library C:\ForDevelop\eclipse\pleadesAllInOne2023\java\21\bin\extnet.dll
Event: 1.872 Loaded shared library C:\ForDevelop\eclipse\pleadesAllInOne2023\java\21\bin\sunmscapi.dll

Deoptimization events (20 events):
Event: 4201.913 Thread 0x000001bbe3a12800 DEOPT PACKING pc=0x000001bbd441f22c sp=0x00000089555fe5d0
Event: 4201.913 Thread 0x000001bbe3a12800 DEOPT UNPACKING pc=0x000001bbd3f34e42 sp=0x00000089555fda78 mode 1
Event: 4201.913 Thread 0x000001bbe3a12800 DEOPT PACKING pc=0x000001bbd43ec614 sp=0x00000089555ff050
Event: 4201.913 Thread 0x000001bbe3a12800 DEOPT UNPACKING pc=0x000001bbd3f34e42 sp=0x00000089555fe518 mode 1
Event: 4201.913 Thread 0x000001bbe3a12800 DEOPT PACKING pc=0x000001bbd468e254 sp=0x00000089555ff0e0
Event: 4201.913 Thread 0x000001bbe3a12800 DEOPT UNPACKING pc=0x000001bbd3f34e42 sp=0x00000089555fe6f0 mode 1
Event: 4201.913 Thread 0x000001bbe3a12800 DEOPT PACKING pc=0x000001bbd40b7e3c sp=0x00000089555ff350
Event: 4201.913 Thread 0x000001bbe3a12800 DEOPT UNPACKING pc=0x000001bbd3f34e42 sp=0x00000089555fe810 mode 1
Event: 4201.914 Thread 0x000001bbe3a12800 DEOPT PACKING pc=0x000001bbd4425fd9 sp=0x00000089555fe540
Event: 4201.914 Thread 0x000001bbe3a12800 DEOPT UNPACKING pc=0x000001bbd3f34e42 sp=0x00000089555fd998 mode 1
Event: 4201.914 Thread 0x000001bbe3a12800 DEOPT PACKING pc=0x000001bbd441f22c sp=0x00000089555fe5d0
Event: 4201.914 Thread 0x000001bbe3a12800 DEOPT UNPACKING pc=0x000001bbd3f34e42 sp=0x00000089555fda78 mode 1
Event: 4201.914 Thread 0x000001bbe3a12800 DEOPT PACKING pc=0x000001bbd43ec614 sp=0x00000089555ff050
Event: 4201.914 Thread 0x000001bbe3a12800 DEOPT UNPACKING pc=0x000001bbd3f34e42 sp=0x00000089555fe518 mode 1
Event: 4201.914 Thread 0x000001bbe3a12800 DEOPT PACKING pc=0x000001bbd468e254 sp=0x00000089555ff0e0
Event: 4201.914 Thread 0x000001bbe3a12800 DEOPT UNPACKING pc=0x000001bbd3f34e42 sp=0x00000089555fe6f0 mode 1
Event: 4201.914 Thread 0x000001bbe3a12800 DEOPT PACKING pc=0x000001bbd40b7e3c sp=0x00000089555ff350
Event: 4201.914 Thread 0x000001bbe3a12800 DEOPT UNPACKING pc=0x000001bbd3f34e42 sp=0x00000089555fe810 mode 1
Event: 4276.135 Thread 0x000001bbe3a12170 DEOPT PACKING pc=0x000001bbd49e1ec4 sp=0x00000089564fd670
Event: 4276.135 Thread 0x000001bbe3a12170 DEOPT UNPACKING pc=0x000001bbd3f34e42 sp=0x00000089564fcb18 mode 0

Classes loaded (20 events):
Event: 938.247 Loading class jdk/internal/icu/impl/UCharacterProperty$IsAcceptable
Event: 938.248 Loading class jdk/internal/icu/impl/UCharacterProperty$IsAcceptable done
Event: 938.248 Loading class jdk/internal/icu/impl/Trie2_16
Event: 938.248 Loading class jdk/internal/icu/impl/Trie2
Event: 938.248 Loading class jdk/internal/icu/impl/Trie2 done
Event: 938.248 Loading class jdk/internal/icu/impl/Trie2_16 done
Event: 938.248 Loading class jdk/internal/icu/impl/Trie2$1
Event: 938.248 Loading class jdk/internal/icu/impl/Trie2$ValueMapper
Event: 938.248 Loading class jdk/internal/icu/impl/Trie2$ValueMapper done
Event: 938.248 Loading class jdk/internal/icu/impl/Trie2$1 done
Event: 938.248 Loading class jdk/internal/icu/impl/Trie2$UTrie2Header
Event: 938.248 Loading class jdk/internal/icu/impl/Trie2$UTrie2Header done
Event: 938.280 Loading class java/util/ArrayList$SubList$1
Event: 938.280 Loading class java/util/ArrayList$SubList$1 done
Event: 1244.071 Loading class java/time/DurationEditor
Event: 1244.071 Loading class java/time/DurationEditor done
Event: 1295.513 Loading class java/lang/StringEditor
Event: 1295.513 Loading class java/lang/StringEditor done
Event: 3592.104 Loading class java/rmi/server/UnicastRemoteObject
Event: 3592.104 Loading class java/rmi/server/UnicastRemoteObject done

Classes unloaded (20 events):
Event: 1341.168 Thread 0x000001bbde94cb60 Unloading class 0x000001bb8155dc00 'java/lang/invoke/LambdaForm$MH+0x000001bb8155dc00'
Event: 1341.168 Thread 0x000001bbde94cb60 Unloading class 0x000001bb8155d000 'java/lang/invoke/LambdaForm$MH+0x000001bb8155d000'
Event: 1341.168 Thread 0x000001bbde94cb60 Unloading class 0x000001bb81531000 'java/lang/invoke/LambdaForm$MH+0x000001bb81531000'
Event: 1341.168 Thread 0x000001bbde94cb60 Unloading class 0x000001bb81530c00 'java/lang/invoke/LambdaForm$MH+0x000001bb81530c00'
Event: 1341.168 Thread 0x000001bbde94cb60 Unloading class 0x000001bb8147cc00 'java/lang/invoke/LambdaForm$MH+0x000001bb8147cc00'
Event: 1341.168 Thread 0x000001bbde94cb60 Unloading class 0x000001bb8147c400 'java/lang/invoke/LambdaForm$MH+0x000001bb8147c400'
Event: 1341.168 Thread 0x000001bbde94cb60 Unloading class 0x000001bb81448c00 'java/lang/invoke/LambdaForm$MH+0x000001bb81448c00'
Event: 1341.168 Thread 0x000001bbde94cb60 Unloading class 0x000001bb8142a400 'java/lang/invoke/LambdaForm$MH+0x000001bb8142a400'
Event: 1341.168 Thread 0x000001bbde94cb60 Unloading class 0x000001bb81429c00 'java/lang/invoke/LambdaForm$MH+0x000001bb81429c00'
Event: 1341.168 Thread 0x000001bbde94cb60 Unloading class 0x000001bb81415400 'java/lang/invoke/LambdaForm$MH+0x000001bb81415400'
Event: 1341.168 Thread 0x000001bbde94cb60 Unloading class 0x000001bb81414800 'java/lang/invoke/LambdaForm$MH+0x000001bb81414800'
Event: 1341.168 Thread 0x000001bbde94cb60 Unloading class 0x000001bb8140c800 'java/lang/invoke/LambdaForm$MH+0x000001bb8140c800'
Event: 1341.168 Thread 0x000001bbde94cb60 Unloading class 0x000001bb81401400 'java/lang/invoke/LambdaForm$MH+0x000001bb81401400'
Event: 1341.168 Thread 0x000001bbde94cb60 Unloading class 0x000001bb81400400 'java/lang/invoke/LambdaForm$MH+0x000001bb81400400'
Event: 1341.168 Thread 0x000001bbde94cb60 Unloading class 0x000001bb813c9c00 'java/lang/invoke/LambdaForm$MH+0x000001bb813c9c00'
Event: 1341.168 Thread 0x000001bbde94cb60 Unloading class 0x000001bb8126c000 'java/lang/invoke/LambdaForm$MH+0x000001bb8126c000'
Event: 1341.168 Thread 0x000001bbde94cb60 Unloading class 0x000001bb81199400 'java/lang/invoke/LambdaForm$MH+0x000001bb81199400'
Event: 1341.168 Thread 0x000001bbde94cb60 Unloading class 0x000001bb81184400 'java/lang/invoke/LambdaForm$MH+0x000001bb81184400'
Event: 1341.168 Thread 0x000001bbde94cb60 Unloading class 0x000001bb81139000 'java/lang/invoke/LambdaForm$MH+0x000001bb81139000'
Event: 1341.168 Thread 0x000001bbde94cb60 Unloading class 0x000001bb810ca000 'java/lang/invoke/LambdaForm$MH+0x000001bb810ca000'

Classes redefined (20 events):
Event: 1332.249 Thread 0x000001bbde94cb60 redefined class name=com.example.demo.web.cliant.CliantController, count=10
Event: 1332.249 Thread 0x000001bbde94cb60 redefined class name=com.example.demo.web.cliant.CliantController, count=10
Event: 1332.249 Thread 0x000001bbde94cb60 redefined class name=com.example.demo.web.cliant.CliantController, count=10
Event: 1332.249 Thread 0x000001bbde94cb60 redefined class name=com.example.demo.web.cliant.CliantController, count=9
Event: 1332.249 Thread 0x000001bbde94cb60 redefined class name=com.example.demo.web.cliant.CliantController, count=3
Event: 1332.249 Thread 0x000001bbde94cb60 redefined class name=com.example.demo.web.cliant.CliantController, count=5
Event: 1332.249 Thread 0x000001bbde94cb60 redefined class name=com.example.demo.web.cliant.CliantController, count=6
Event: 4276.155 Thread 0x000001bbde94cb60 redefined class name=com.example.demo.web.cliant.CliantController, count=5
Event: 4276.155 Thread 0x000001bbde94cb60 redefined class name=com.example.demo.web.cliant.CliantController, count=2
Event: 4276.155 Thread 0x000001bbde94cb60 redefined class name=com.example.demo.web.cliant.CliantController, count=3
Event: 4276.155 Thread 0x000001bbde94cb60 redefined class name=com.example.demo.web.cliant.CliantController, count=11
Event: 4276.155 Thread 0x000001bbde94cb60 redefined class name=com.example.demo.web.cliant.CliantController, count=11
Event: 4276.155 Thread 0x000001bbde94cb60 redefined class name=com.example.demo.web.cliant.CliantController, count=10
Event: 4276.155 Thread 0x000001bbde94cb60 redefined class name=com.example.demo.web.cliant.CliantController, count=4
Event: 4276.155 Thread 0x000001bbde94cb60 redefined class name=com.example.demo.web.cliant.CliantController, count=6
Event: 4276.155 Thread 0x000001bbde94cb60 redefined class name=com.example.demo.web.cliant.CliantController, count=1
Event: 4276.155 Thread 0x000001bbde94cb60 redefined class name=com.example.demo.web.cliant.CliantController, count=8
Event: 4276.155 Thread 0x000001bbde94cb60 redefined class name=com.example.demo.web.cliant.CliantController, count=9
Event: 4276.155 Thread 0x000001bbde94cb60 redefined class name=com.example.demo.web.cliant.CliantController, count=11
Event: 4276.155 Thread 0x000001bbde94cb60 redefined class name=com.example.demo.web.cliant.CliantController, count=7

Internal exceptions (20 events):
Event: 1341.448 Thread 0x000001bbe3a0cc20 Exception <a 'java/lang/NoClassDefFoundError'{0x0000000707a7d968}: org/flywaydb/core/Flyway> (0x0000000707a7d968) 
thrown [s\src\hotspot\share\oops\constantPool.cpp, line 871]
Event: 1341.555 Thread 0x000001bbe3a0cc20 Exception <a 'java/lang/NoClassDefFoundError'{0x0000000707a7dfc8}: liquibase/integration/spring/SpringLiquibase> (0x0000000707a7dfc8) 
thrown [s\src\hotspot\share\oops\constantPool.cpp, line 871]
Event: 1341.560 Thread 0x000001bbe3a0cc20 Exception <a 'java/lang/NoClassDefFoundError'{0x0000000707a959d8}: org/springframework/batch/core/repository/JobRepository> (0x0000000707a959d8) 
thrown [s\src\hotspot\share\oops\constantPool.cpp, line 871]
Event: 1341.563 Thread 0x000001bbe3a0cc20 Exception <a 'java/lang/NoClassDefFoundError'{0x0000000707a96030}: org/quartz/Scheduler> (0x0000000707a96030) 
thrown [s\src\hotspot\share\oops\constantPool.cpp, line 871]
Event: 1341.565 Thread 0x000001bbe3a0cc20 Exception <a 'java/lang/NoClassDefFoundError'{0x0000000707a966b0}: org/springframework/session/jdbc/JdbcIndexedSessionRepository> (0x0000000707a966b0) 
thrown [s\src\hotspot\share\oops\constantPool.cpp, line 871]
Event: 1341.569 Thread 0x000001bbe3a0cc20 Exception <a 'java/lang/NoClassDefFoundError'{0x0000000707ad2d08}: org/jooq/DSLContext> (0x0000000707ad2d08) 
thrown [s\src\hotspot\share\oops\constantPool.cpp, line 871]
Event: 1341.571 Thread 0x000001bbe3a0cc20 Exception <a 'java/lang/NoClassDefFoundError'{0x0000000707ad4268}: jakarta/persistence/EntityManagerFactory> (0x0000000707ad4268) 
thrown [s\src\hotspot\share\oops\constantPool.cpp, line 871]
Event: 1341.606 Thread 0x000001bbe3a0cc20 Exception <a 'java/io/FileNotFoundException'{0x00000007077f2d30}> (0x00000007077f2d30) 
thrown [s\src\hotspot\share\prims\jni.cpp, line 520]
Event: 1341.633 Thread 0x000001bbe3a0cc20 Exception <a 'java/io/FileNotFoundException'{0x00000007073df5a0}> (0x00000007073df5a0) 
thrown [s\src\hotspot\share\prims\jni.cpp, line 520]
Event: 1343.019 Thread 0x000001bbe3a12e90 Exception <a 'java/lang/NoSuchMethodError'{0x00000007082476b8}: 'void java.lang.invoke.DelegatingMethodHandle$Holder.reinvoke_L(java.lang.Object, java.lang.Object, long, java.lang.Object, java.lang.Object, java.lang.Object, java.lang.Object, java.lang.Object, java.lang.Object)'> (0x00000007082476b8) 
thrown [s\src\hotspot\share\interpreter\linkResolver.cpp, line 773]
Event: 1501.122 Thread 0x000001bbe3d14fd0 Exception <a 'java/lang/NoSuchMethodError'{0x0000000707f7de60}: static [B.<clinit>()V> (0x0000000707f7de60) 
thrown [s\src\hotspot\share\prims\jni.cpp, line 1106]
Event: 3552.797 Thread 0x000001bbe4aedb00 Exception <a 'java/net/SocketException'{0x000000070730f170}: Connection reset by peer: shutdown> (0x000000070730f170) 
thrown [s\src\hotspot\share\prims\jni.cpp, line 539]
Event: 3552.798 Thread 0x000001bbe4aedb00 Exception <a 'java/net/SocketException'{0x00000007073106b0}: Connection reset by peer: shutdown> (0x00000007073106b0) 
thrown [s\src\hotspot\share\prims\jni.cpp, line 539]
Event: 3552.799 Thread 0x000001bbe4aedb00 Exception <a 'java/io/IOException'{0x00000007073140b0}> (0x00000007073140b0) 
thrown [s\src\hotspot\share\prims\jni.cpp, line 520]
Event: 3552.802 Thread 0x000001bbe4aedb00 Exception <a 'java/io/IOException'{0x0000000707317450}> (0x0000000707317450) 
thrown [s\src\hotspot\share\prims\jni.cpp, line 520]
Event: 3552.802 Thread 0x000001bbe4aedb00 Exception <a 'java/io/IOException'{0x00000007073181b8}> (0x00000007073181b8) 
thrown [s\src\hotspot\share\prims\jni.cpp, line 520]
Event: 3552.806 Thread 0x000001bbe4aedb00 Exception <a 'java/io/IOException'{0x000000070731b2a8}> (0x000000070731b2a8) 
thrown [s\src\hotspot\share\prims\jni.cpp, line 520]
Event: 3552.807 Thread 0x000001bbe4aedb00 Exception <a 'java/io/IOException'{0x000000070731d158}> (0x000000070731d158) 
thrown [s\src\hotspot\share\prims\jni.cpp, line 520]
Event: 3592.382 Thread 0x000001bbe3d14fd0 Exception <a 'java/lang/NoSuchMethodError'{0x0000000706fe8718}: static [Ljava/lang/StackTraceElement;.<clinit>()V> (0x0000000706fe8718) 
thrown [s\src\hotspot\share\prims\jni.cpp, line 1106]
Event: 3592.398 Thread 0x000001bbe4aedb00 Exception <a 'java/lang/NoSuchMethodError'{0x0000000706c61540}: static [Ljava/lang/Integer;.<clinit>()V> (0x0000000706c61540) 
thrown [s\src\hotspot\share\prims\jni.cpp, line 1106]

ZGC Phase Switch (0 events):
No events

VM Operations (20 events):
Event: 4276.250 Executing VM operation: ChangeBreakpoints
Event: 4276.252 Executing VM operation: ChangeBreakpoints done
Event: 4276.257 Executing VM operation: ChangeBreakpoints
Event: 4276.261 Executing VM operation: ChangeBreakpoints done
Event: 4276.267 Executing VM operation: ChangeBreakpoints
Event: 4276.270 Executing VM operation: ChangeBreakpoints done
Event: 4276.274 Executing VM operation: ChangeBreakpoints
Event: 4276.277 Executing VM operation: ChangeBreakpoints done
Event: 4276.282 Executing VM operation: ChangeBreakpoints
Event: 4276.285 Executing VM operation: ChangeBreakpoints done
Event: 4276.290 Executing VM operation: ChangeBreakpoints
Event: 4276.293 Executing VM operation: ChangeBreakpoints done
Event: 4276.298 Executing VM operation: ChangeBreakpoints
Event: 4276.301 Executing VM operation: ChangeBreakpoints done
Event: 4276.306 Executing VM operation: ChangeBreakpoints
Event: 4276.309 Executing VM operation: ChangeBreakpoints done
Event: 4276.315 Executing VM operation: ChangeBreakpoints
Event: 4276.318 Executing VM operation: ChangeBreakpoints done
Event: 4276.321 Executing VM operation: ChangeSingleStep
Event: 4276.321 Executing VM operation: ChangeSingleStep done

Events (20 events):
Event: 1346.891 Thread 0x000001bbe3a11450 Thread exited: 0x000001bbe3a11450
Event: 1348.054 Thread 0x000001bbe5a806b0 Thread exited: 0x000001bbe5a806b0
Event: 1353.054 Thread 0x000001bbe5a80000 Thread exited: 0x000001bbe5a80000
Event: 1353.054 Thread 0x000001bbe5a85440 Thread exited: 0x000001bbe5a85440
Event: 1732.771 Thread 0x000001bbe5ae94b0 Thread added: 0x000001bbe5ae94b0
Event: 1732.771 Thread 0x000001bbe469d8f0 Thread added: 0x000001bbe469d8f0
Event: 1732.771 Thread 0x000001bbe469dfa0 Thread added: 0x000001bbe469dfa0
Event: 1737.805 Thread 0x000001bbe469dfa0 Thread exited: 0x000001bbe469dfa0
Event: 1737.806 Thread 0x000001bbe469d8f0 Thread exited: 0x000001bbe469d8f0
Event: 1742.811 Thread 0x000001bbe5ae94b0 Thread exited: 0x000001bbe5ae94b0
Event: 3552.796 Thread 0x000001bbe4aedb00 Thread added: 0x000001bbe4aedb00
Event: 3552.796 Thread 0x000001bbe4aee190 Thread added: 0x000001bbe4aee190
Event: 3557.808 Thread 0x000001bbe4aedb00 Thread exited: 0x000001bbe4aedb00
Event: 3558.046 Thread 0x000001bbe4aee190 Thread exited: 0x000001bbe4aee190
Event: 3592.103 Thread 0x000001bbe4aedb00 Thread added: 0x000001bbe4aedb00
Event: 3592.104 Thread 0x000001bbe3d357d0 Thread exited: 0x000001bbe3d357d0
Event: 3592.104 Thread 0x000001bbe4aedb00 Thread exited: 0x000001bbe4aedb00
Event: 3592.390 Thread 0x000001bbe4aedb00 Thread added: 0x000001bbe4aedb00
Event: 3592.393 Thread 0x000001bbe4aee820 Thread added: 0x000001bbe4aee820
Event: 3682.114 Thread 0x000001bbe4aedb00 Thread exited: 0x000001bbe4aedb00


Dynamic libraries:
0x00007ff71cc50000 - 0x00007ff71cc5e000 	C:\ForDevelop\eclipse\pleadesAllInOne2023\java\21\bin\javaw.exe
0x00007ffd465f0000 - 0x00007ffd46807000 	C:\WINDOWS\SYSTEM32\ntdll.dll
0x00007ffd45150000 - 0x00007ffd45214000 	C:\WINDOWS\System32\KERNEL32.DLL
0x00007ffd43930000 - 0x00007ffd43cd6000 	C:\WINDOWS\System32\KERNELBASE.dll
0x00007ffd43e50000 - 0x00007ffd43f61000 	C:\WINDOWS\System32\ucrtbase.dll
0x00007ffd2b380000 - 0x00007ffd2b398000 	C:\ForDevelop\eclipse\pleadesAllInOne2023\java\21\bin\jli.dll
0x00007ffd2b470000 - 0x00007ffd2b48b000 	C:\ForDevelop\eclipse\pleadesAllInOne2023\java\21\bin\VCRUNTIME140.dll
0x00007ffd44ca0000 - 0x00007ffd44e4e000 	C:\WINDOWS\System32\USER32.dll
0x00007ffd27ca0000 - 0x00007ffd27f33000 	C:\WINDOWS\WinSxS\amd64_microsoft.windows.common-controls_6595b64144ccf1df_6.0.22621.2506_none_270c5ae97388e100\COMCTL32.dll
0x00007ffd44290000 - 0x00007ffd442b6000 	C:\WINDOWS\System32\win32u.dll
0x00007ffd45c90000 - 0x00007ffd45d37000 	C:\WINDOWS\System32\msvcrt.dll
0x00007ffd458d0000 - 0x00007ffd458f9000 	C:\WINDOWS\System32\GDI32.dll
0x00007ffd43f70000 - 0x00007ffd44088000 	C:\WINDOWS\System32\gdi32full.dll
0x00007ffd441f0000 - 0x00007ffd4428a000 	C:\WINDOWS\System32\msvcp_win.dll
0x00007ffd44510000 - 0x00007ffd44541000 	C:\WINDOWS\System32\IMM32.DLL
0x00007ffd34a90000 - 0x00007ffd34a9c000 	C:\ForDevelop\eclipse\pleadesAllInOne2023\java\21\bin\vcruntime140_1.dll
0x00007ffd078a0000 - 0x00007ffd0792e000 	C:\ForDevelop\eclipse\pleadesAllInOne2023\java\21\bin\msvcp140.dll
0x00007ffcc2c00000 - 0x00007ffcc3983000 	C:\ForDevelop\eclipse\pleadesAllInOne2023\java\21\bin\server\jvm.dll
0x00007ffd44450000 - 0x00007ffd44503000 	C:\WINDOWS\System32\ADVAPI32.dll
0x00007ffd45540000 - 0x00007ffd455e8000 	C:\WINDOWS\System32\sechost.dll
0x00007ffd441c0000 - 0x00007ffd441e8000 	C:\WINDOWS\System32\bcrypt.dll
0x00007ffd44550000 - 0x00007ffd44667000 	C:\WINDOWS\System32\RPCRT4.dll
0x00007ffd45670000 - 0x00007ffd456e1000 	C:\WINDOWS\System32\WS2_32.dll
0x00007ffd43800000 - 0x00007ffd4384d000 	C:\WINDOWS\SYSTEM32\POWRPROF.dll
0x00007ffd3c350000 - 0x00007ffd3c384000 	C:\WINDOWS\SYSTEM32\WINMM.dll
0x00007ffd34700000 - 0x00007ffd3470a000 	C:\WINDOWS\SYSTEM32\VERSION.dll
0x00007ffd437e0000 - 0x00007ffd437f3000 	C:\WINDOWS\SYSTEM32\UMPDC.dll
0x00007ffd42930000 - 0x00007ffd42948000 	C:\WINDOWS\SYSTEM32\kernel.appcore.dll
0x00007ffd34630000 - 0x00007ffd3463a000 	C:\ForDevelop\eclipse\pleadesAllInOne2023\java\21\bin\jimage.dll
0x00007ffd40c10000 - 0x00007ffd40e43000 	C:\WINDOWS\SYSTEM32\DBGHELP.DLL
0x00007ffd45900000 - 0x00007ffd45c89000 	C:\WINDOWS\System32\combase.dll
0x00007ffd45390000 - 0x00007ffd45467000 	C:\WINDOWS\System32\OLEAUT32.dll
0x00007ffd3a570000 - 0x00007ffd3a5a2000 	C:\WINDOWS\SYSTEM32\dbgcore.DLL
0x00007ffd442c0000 - 0x00007ffd4433a000 	C:\WINDOWS\System32\bcryptPrimitives.dll
0x00007ffd07860000 - 0x00007ffd0789c000 	C:\ForDevelop\eclipse\pleadesAllInOne2023\java\21\bin\jdwp.dll
0x00007ffd34270000 - 0x00007ffd3427f000 	C:\ForDevelop\eclipse\pleadesAllInOne2023\java\21\bin\instrument.dll
0x00007ffd2b1e0000 - 0x00007ffd2b1ff000 	C:\ForDevelop\eclipse\pleadesAllInOne2023\java\21\bin\java.dll
0x00007ffd45d50000 - 0x00007ffd465ab000 	C:\WINDOWS\System32\SHELL32.dll
0x00007ffd41840000 - 0x00007ffd42136000 	C:\WINDOWS\SYSTEM32\windows.storage.dll
0x00007ffd41700000 - 0x00007ffd4183e000 	C:\WINDOWS\SYSTEM32\wintypes.dll
0x00007ffd44350000 - 0x00007ffd44443000 	C:\WINDOWS\System32\SHCORE.dll
0x00007ffd454e0000 - 0x00007ffd4553e000 	C:\WINDOWS\System32\shlwapi.dll
0x00007ffd43860000 - 0x00007ffd43886000 	C:\WINDOWS\SYSTEM32\profapi.dll
0x00007ffd33cc0000 - 0x00007ffd33ccc000 	C:\ForDevelop\eclipse\pleadesAllInOne2023\java\21\bin\dt_socket.dll
0x00007ffd423a0000 - 0x00007ffd423cd000 	C:\WINDOWS\SYSTEM32\IPHLPAPI.DLL
0x00007ffd42db0000 - 0x00007ffd42e19000 	C:\WINDOWS\system32\mswsock.dll
0x00007ffd42410000 - 0x00007ffd42509000 	C:\WINDOWS\SYSTEM32\DNSAPI.dll
0x00007ffd45380000 - 0x00007ffd45389000 	C:\WINDOWS\System32\NSI.dll
0x00007ffd3b980000 - 0x00007ffd3b98a000 	C:\Windows\System32\rasadhlp.dll
0x00007ffd3a820000 - 0x00007ffd3a8a3000 	C:\WINDOWS\System32\fwpuclnt.dll
0x00007ffd2b190000 - 0x00007ffd2b1a8000 	C:\ForDevelop\eclipse\pleadesAllInOne2023\java\21\bin\zip.dll
0x00007ffd33810000 - 0x00007ffd33820000 	C:\ForDevelop\eclipse\pleadesAllInOne2023\java\21\bin\net.dll
0x00007ffd3bf60000 - 0x00007ffd3c097000 	C:\WINDOWS\SYSTEM32\WINHTTP.dll
0x00007ffd2aa50000 - 0x00007ffd2aa66000 	C:\ForDevelop\eclipse\pleadesAllInOne2023\java\21\bin\nio.dll
0x00007ffd2f720000 - 0x00007ffd2f72a000 	C:\ForDevelop\eclipse\pleadesAllInOne2023\java\21\bin\management.dll
0x00007ffd2ea20000 - 0x00007ffd2ea2b000 	C:\ForDevelop\eclipse\pleadesAllInOne2023\java\21\bin\management_ext.dll
0x00007ffd44340000 - 0x00007ffd44348000 	C:\WINDOWS\System32\PSAPI.DLL
0x00007ffd0bfb0000 - 0x00007ffd0bfc7000 	C:\WINDOWS\system32\napinsp.dll
0x00007ffd0b770000 - 0x00007ffd0b78b000 	C:\WINDOWS\system32\pnrpnsp.dll
0x00007ffd0b750000 - 0x00007ffd0b761000 	C:\WINDOWS\System32\winrnr.dll
0x00007ffd3b5d0000 - 0x00007ffd3b5e5000 	C:\WINDOWS\system32\wshbth.dll
0x00007ffd13390000 - 0x00007ffd133b1000 	C:\WINDOWS\system32\nlansp_c.dll
0x00007ffd2e8d0000 - 0x00007ffd2e8e0000 	C:\ForDevelop\eclipse\pleadesAllInOne2023\java\21\bin\verify.dll
0x00007ffd42fe0000 - 0x00007ffd42ffb000 	C:\WINDOWS\SYSTEM32\CRYPTSP.dll
0x00007ffd42890000 - 0x00007ffd428c5000 	C:\WINDOWS\system32\rsaenh.dll
0x00007ffd42e70000 - 0x00007ffd42e9c000 	C:\WINDOWS\SYSTEM32\USERENV.dll
0x00007ffd43000000 - 0x00007ffd4300c000 	C:\WINDOWS\SYSTEM32\CRYPTBASE.dll
0x00007ffd2c680000 - 0x00007ffd2c689000 	C:\ForDevelop\eclipse\pleadesAllInOne2023\java\21\bin\extnet.dll
0x00007ffd2b4f0000 - 0x00007ffd2b4fe000 	C:\ForDevelop\eclipse\pleadesAllInOne2023\java\21\bin\sunmscapi.dll
0x00007ffd43ce0000 - 0x00007ffd43e46000 	C:\WINDOWS\System32\CRYPT32.dll
0x00007ffd431e0000 - 0x00007ffd4320e000 	C:\WINDOWS\SYSTEM32\ncrypt.dll
0x00007ffd431a0000 - 0x00007ffd431d7000 	C:\WINDOWS\SYSTEM32\NTASN1.dll
0x00007ffd3a340000 - 0x00007ffd3a348000 	C:\WINDOWS\system32\wshunix.dll

dbghelp: loaded successfully - version: 4.0.5 - missing functions: none
symbol engine: initialized successfully - sym options: 0x614 - pdb path: .;C:\ForDevelop\eclipse\pleadesAllInOne2023\java\21\bin;C:\WINDOWS\SYSTEM32;C:\WINDOWS\WinSxS\amd64_microsoft.windows.common-controls_6595b64144ccf1df_6.0.22621.2506_none_270c5ae97388e100;C:\ForDevelop\eclipse\pleadesAllInOne2023\java\21\bin\server

VM Arguments:
jvm_args: -XX:+ShowCodeDetailsInExceptionMessages -agentlib:jdwp=transport=dt_socket,suspend=y,address=localhost:56902 -Dcom.sun.management.jmxremote -Dcom.sun.management.jmxremote.port=56901 -Dcom.sun.management.jmxremote.authenticate=false -Dcom.sun.management.jmxremote.ssl=false -Djava.rmi.server.hostname=localhost -Dspring.jmx.enabled=true -Dmanagement.endpoints.jmx.exposure.include=* -Dspring.application.admin.enabled=true -XX:TieredStopAtLevel=1 -Dspring.boot.project.name=cliantManagementSystem -javaagent:C:\ForDevelop\eclipse\pleadesAllInOne2023\eclipse\configuration\org.eclipse.osgi\249\0\.cp\lib\javaagent-shaded.jar -Dfile.encoding=UTF-8 -Dstdout.encoding=UTF-8 -Dstderr.encoding=UTF-8 
java_command: com.example.demo.CliantManagementSystemApplication --spring.output.ansi.enabled=always
java_class_path (initial): C:\ForDevelop\eclipse\pleadesAllInOne2023\workspace\cliantManagementSystem\bin\main;C:\Users\Owner\.gradle\caches\modules-2\files-2.1\org.projectlombok\lombok\1.18.30\f195ee86e6c896ea47a1d39defbe20eb59cd149d\lombok-1.18.30.jar;C:\Users\Owner\.gradle\caches\modules-2\files-2.1\org.springframework.boot\spring-boot-starter-thymeleaf\3.2.2\d1895c9a600547d53dddfff7c57ab7838df5d65\spring-boot-starter-thymeleaf-3.2.2.jar;C:\Users\Owner\.gradle\caches\modules-2\files-2.1\org.springframework.boot\spring-boot-starter-validation\3.2.2\faedd363ffbafde6a23bc7183ce79de11a96e780\spring-boot-starter-validation-3.2.2.jar;C:\Users\Owner\.gradle\caches\modules-2\files-2.1\org.springframework.boot\spring-boot-starter-web\3.2.2\b89d213d9f49c3e6247b2503ac7d94b0ac8260f6\spring-boot-starter-web-3.2.2.jar;C:\Users\Owner\.gradle\caches\modules-2\files-2.1\org.mybatis.spring.boot\mybatis-spring-boot-starter\3.0.3\19528356bf8bad2be5f8bf796dfc30bcc4996054\mybatis-spring-boot-starter-3.0.3.jar;C:\Users\Owner\.gradle\caches\modules-2\files-2.1\org.springframework.boot\spring-boot-starter-json\3.2.2\328f5ce9e10d5f90520e72a3ff8a2586b9e46b37\spring-boot-starter-json-3.2.2.jar;C:\Users\Owner\.gradle\caches\modules-2\files-2.1\org.springframework.boot\spring-boot-starter-jdbc\3.2.2\22ffda6938dca5f584c8b1b64e4e9096e8302c1e\spring-boot-starter-jdbc-3.2.2.jar;C:\Users\Owner\.gradle\caches\modules-2\files-2.1\org.springframework.boot\spring-boot-starter\3.2.2\dc04714f9295297f92fa8099eb51edc54dbe67db\spring-boot-starter-3.2.2.jar;C:\Users\Owner\.gradle\caches\modules-2\files-2.1\org.thymeleaf\thymeleaf-spring6\3.1.2.RELEASE\6030c7b4e260c41336f378e53da6e8531263f24b\thymeleaf-spring6-3.1.2.RELEASE.jar;C:\Users\Owner\.gradle\caches\modules-2\files-2.1\org.springframework.boot\spring-boot-starter-tomcat\3.2.2\e22a0ba37910731b382f3fe47ad36aed20fad24d\spring-boot-starter-tomcat-3.2.2.jar;C:\Users\Owner\.gradle\caches\modules-2\files-2.1\org.apache.tomcat.embed\tomcat-embed-el\10.1.18\b2c4dc05abd363c63b245523bb071727aa2f1046\tomcat-embed-el-10.1.18.jar;C:\Users\Owner\.gradle\caches\modules-2\files-2.1\org.hibernate.validator\hibernate-validator\8.0.1.Final\e49e116b3d3928060599b176b3538bb848718e95\hibernate-validator-8.0.1.Final.jar;C:\Users\Owner\.gradle\caches\modules-2\files-2.1\org.springframework\spring-webmvc\6.1.3\f4738a57787add6567e0679eebb1b499a11019cc\spring-webmvc-6.1.3.jar;C:\Users\Owner\.gradle\caches\modules-2\files-2.1\org.springframework\spring-web\6.1.3\cc3459b4abd436331608ddb6424886875f7086ab\spring-web-6.1.3.jar;C:\Users\Owner\.gradle\caches\modules-2\files-2.1\org.mybatis.spring.boot\mybatis-spring-boot-autoconfigure\3.0.3\b73a2effa4f60a2eeca98aa12ea3437faede0f73\mybatis-spring-boot-autoconfigure-3.0.3.jar;C:\Users\Owner\.gradle\caches\modules-2\files-2.1\org.mybatis\mybatis\3.5.14\d94d2267d1caf1c31748123e671dcea5ad1a6f8\mybatis-3.5.14.jar;C:\Users\Owner\.gradle\caches\modules-2\files-2.1\org.mybatis\mybatis-spring\3.0.3\5a4ab31bfb62bca615b39ade93de2a607e9b9403\mybatis-spring-3.0.3.jar;C:\Users\Owner\.gradle\caches\modules-2\files-2.1\org.springframework.boot\spring-boot-autoconfigure\3.2.2\5c407409f8d260a4bc6e173d16fc3b36e6adec21\spring-boot-autoconfigure-3.2.2.jar;C:\Users\Owner\.gradle\caches\modules-2\files-2.1\org.springframework.boot\spring-boot\3.2.2\9f274d1bd822c4c57bb5b37ecae2380b980f567\spring-boot-3.2.2.jar;C:\Users\Owner\.gradle\caches\modules-2\files-2.1\org.springframework.boot\spring-boot-starter-logging\3.2.2\3347c3b1cec6cf2d5fa186d1e49d2f378a6b7cae\spring-boot-starter-logging-3.2.2.jar;C:\Users\Owner\.gradle\caches\modules-2\files-2.1\jakarta.annotation\jakarta.annotation-api\2.1.1\48b9bda22b091b1f48b13af03fe36db3be6e1ae3\jakarta.annotation-api-2.1.1.jar;C:\Users\Owner\.gradle\caches\modules-2\files-2.1\org.springframework\spring-context\6.1.3\c63f038933701058fd7578460c66dbe2d424915\spring-context-6.1.3.jar;C:\Users\Owner\.gradle\caches\modules-2\files-2.1\org.springframework\spring-aop\6.1.3\4d9bd4bd9b8bedf9ef151b45c79766b336117b9a\spring-aop-6.1.3.jar;C:\Users\Owner\.gradle\caches\modules-2\files-2.1\org.springframework\spring-jdbc\6.1.3\be4b30cc956b26f13e04ccadc2b0575038c531bb\spring-jdbc-6.1.3.jar;C:\Users\Owner\.gradle\caches\modules-2\files-2.1\org.springframework\spring-tx\6.1.3\7750337bf46a2ff248685915c7cc88d3bef2f666\spring-tx-6.1.3.jar;C:\Users\Owner\.gradle\caches\modules-2\files-2.1\org.springframework\spring-beans\6.1.3\c2df4210e796d3a27efc1f22621aa4e2c6cd985f\spring-beans-6.1.3.jar;C:\Users\Owner\.gradle\caches\modules-2\files-2.1\org.springframework\spring-expression\6.1.3\7c35fc3d7525a024fdde8a5d7597a6a8a4e59d7\spring-expression-6.1.3.jar;C:\Users\Owner\.gradle\caches\modules-2\files-2.1\org.springframework\spring-core\6.1.3\a002e96e780954cc3ac4cd70fd3bb16accdc47ed\spring-core-6.1.3.jar;C:\Users\Owner\.gradle\caches\modules-2\files-2.1\org.yaml\snakeyaml\2.2\3af797a25458550a16bf89acc8e4ab2b7f2bfce0\snakeyaml-2.2.jar;C:\Users\Owner\.gradle\caches\modules-2\files-2.1\org.thymeleaf\thymeleaf\3.1.2.RELEASE\273997509a4c7aef86cee0521750140c587d9be2\thymeleaf-3.1.2.RELEASE.jar;C:\Users\Owner\.gradle\caches\modules-2\files-2.1\com.zaxxer\HikariCP\5.0.1\a74c7f0a37046846e88d54f7cb6ea6d565c65f9c\HikariCP-5.0.1.jar;C:\Users\Owner\.gradle\caches\modules-2\files-2.1\ch.qos.logback\logback-classic\1.4.14\d98bc162275134cdf1518774da4a2a17ef6fb94d\logback-classic-1.4.14.jar;C:\Users\Owner\.gradle\caches\modules-2\files-2.1\org.apache.logging.log4j\log4j-to-slf4j\2.21.1\d77b2ba81711ed596cd797cc2b5b5bd7409d841c\log4j-to-slf4j-2.21.1.jar;C:\Users\Owner\.gradle\caches\modules-2\files-2.1\org.slf4j\jul-to-slf4j\2.0.11\279356f8e873b1a26badd8bbb3284b5c3b22c770\jul-to-slf4j-2.0.11.jar;C:\Users\Owner\.gradle\caches\modules-2\files-2.1\org.slf4j\slf4j-api\2.0.11\ad96c3f8cf895e696dd35c2bc8e8ebe710be9e6d\slf4j-api-2.0.11.jar;C:\Users\Owner\.gradle\caches\modules-2\files-2.1\jakarta.validation\jakarta.validation-api\3.0.2\92b6631659ba35ca09e44874d3eb936edfeee532\jakarta.validation-api-3.0.2.jar;C:\Users\Owner\.gradle\caches\modules-2\files-2.1\org.jboss.logging\jboss-logging\3.5.3.Final\c88fc1d8a96d4c3491f55d4317458ccad53ca663\jboss-logging-3.5.3.Final.jar;C:\Users\Owner\.gradle\caches\modules-2\files-2.1\com.fasterxml\classmate\1.6.0\91affab6f84a2182fce5dd72a8d01bc14346dddd\classmate-1.6.0.jar;C:\Users\Owner\.gradle\caches\modules-2\files-2.1\com.fasterxml.jackson.datatype\jackson-datatype-jsr310\2.15.3\4a20a0e104931bfa72f24ef358c2eb63f1ef2aaf\jackson-datatype-jsr310-2.15.3.jar;C:\Users\Owner\.gradle\caches\modules-2\files-2.1\com.fasterxml.jackson.module\jackson-module-parameter-names\2.15.3\8d251b90c5358677e7d8161e0c2488e6f84f49da\jackson-module-parameter-names-2.15.3.jar;C:\Users\Owner\.gradle\caches\modules-2\files-2.1\com.fasterxml.jackson.core\jackson-annotations\2.15.3\79baf4e605eb3bbb60b1c475d44a7aecceea1d60\jackson-annotations-2.15.3.jar;C:\Users\Owner\.gradle\caches\modules-2\files-2.1\com.fasterxml.jackson.core\jackson-core\2.15.3\60d600567c1862840397bf9ff5a92398edc5797b\jackson-core-2.15.3.jar;C:\Users\Owner\.gradle\caches\modules-2\files-2.1\com.fasterxml.jackson.datatype\jackson-datatype-jdk8\2.15.3\80158cb020c7bd4e4ba94d8d752a65729dc943b2\jackson-datatype-jdk8-2.15.3.jar;C:\Users\Owner\.gradle\caches\modules-2\files-2.1\com.fasterxml.jackson.core\jackson-databind\2.15.3\a734bc2c47a9453c4efa772461a3aeb273c010d9\jackson-databind-2.15.3.jar;C:\Users\Owner\.gradle\caches\modules-2\files-2.1\org.apache.tomcat.embed\tomcat-embed-websocket\10.1.18\83a3bc6898f2ceed2357ba231a5e83dc2016d454\tomcat-embed-websocket-10.1.18.jar;C:\Users\Owner\.gradle\caches\modules-2\files-2.1\org.apache.tomcat.embed\tomcat-embed-core\10.1.18\bff6c34649d1dd7b509e819794d73ba795947dcf\tomcat-embed-core-10.1.18.jar;C:\Users\Owner\.gradle\caches\modules-2\files-2.1\io.micrometer\micrometer-observation\1.12.2\e082b05a2527fc24ea6fbe4c4b7ae34653aace81\micrometer-observation-1.12.2.jar;C:\Users\Owner\.gradle\caches\modules-2\files-2.1\org.springframework\spring-jcl\6.1.3\a715e091ee86243ee94534a03f3c26b4e48de31e\spring-jcl-6.1.3.jar;C:\Users\Owner\.gradle\caches\modules-2\files-2.1\org.attoparser\attoparser\2.0.7.RELEASE\e5d0e988d9124139d645bb5872b24dfa23e283cc\attoparser-2.0.7.RELEASE.jar;C:\Users\Owner\.gradle\caches\modules-2\files-2.1\org.unbescape\unbescape\1.1.6.RELEASE\7b90360afb2b860e09e8347112800d12c12b2a13\unbescape-1.1.6.RELEASE.jar;C:\Users\Owner\.gradle\caches\modules-2\files-2.1\io.micrometer\micrometer-commons\1.12.2\b44127d8ec7b3ef11a01912d1e6474e1167f3929\micrometer-commons-1.12.2.jar;C:\Users\Owner\.gradle\caches\modules-2\files-2.1\ch.qos.logback\logback-core\1.4.14\4d3c2248219ac0effeb380ed4c5280a80bf395e8\logback-core-1.4.14.jar;C:\Users\Owner\.gradle\caches\modules-2\files-2.1\org.apache.logging.log4j\log4j-api\2.21.1\74c65e87b9ce1694a01524e192d7be989ba70486\log4j-api-2.21.1.jar;C:\Users\Owner\.gradle\caches\modules-2\files-2.1\org.springframework.boot\spring-boot-devtools\3.2.2\5d4ce10e0c8d4a6cc040a1836280f379893a8213\spring-boot-devtools-3.2.2.jar;C:\Users\Owner\.gradle\caches\modules-2\files-2.1\com.h2database\h2\2.2.224\7bdade27d8cd197d9b5ce9dc251f41d2edc5f7ad\h2-2.2.224.jar;C:\Users\Owner\.gradle\caches\modules-2\files-2.1\com.mysql\mysql-connector-j\8.3.0\1cc7fa5d61f4bbc113531a4ba6d85d41cf3d57e1\mysql-connector-j-8.3.0.jar
Launcher Type: SUN_STANDARD

[Global flags]
     intx CICompilerCount                          = 4                                         {product} {ergonomic}
     uint ConcGCThreads                            = 2                                         {product} {ergonomic}
     uint G1ConcRefinementThreads                  = 8                                         {product} {ergonomic}
   size_t G1HeapRegionSize                         = 2097152                                   {product} {ergonomic}
    uintx GCDrainStackTargetSize                   = 64                                        {product} {ergonomic}
   size_t InitialHeapSize                          = 264241152                                 {product} {ergonomic}
     bool ManagementServer                         = true                                      {product} {command line}
   size_t MarkStackSize                            = 4194304                                   {product} {ergonomic}
   size_t MaxHeapSize                              = 4221566976                                {product} {ergonomic}
   size_t MaxNewSize                               = 2531262464                                {product} {ergonomic}
   size_t MinHeapDeltaBytes                        = 2097152                                   {product} {ergonomic}
   size_t MinHeapSize                              = 8388608                                   {product} {ergonomic}
    uintx NonNMethodCodeHeapSize                   = 4096                                   {pd product} {ergonomic}
    uintx NonProfiledCodeHeapSize                  = 0                                      {pd product} {ergonomic}
     bool ProfileInterpreter                       = false                                  {pd product} {command line}
    uintx ProfiledCodeHeapSize                     = 0                                      {pd product} {ergonomic}
     bool ShowCodeDetailsInExceptionMessages       = true                                   {manageable} {command line}
   size_t SoftMaxHeapSize                          = 4221566976                             {manageable} {ergonomic}
     intx TieredStopAtLevel                        = 1                                         {product} {command line}
     bool UseCompressedOops                        = true                           {product lp64_product} {ergonomic}
     bool UseG1GC                                  = true                                      {product} {ergonomic}
     bool UseLargePagesIndividualAllocation        = false                                  {pd product} {ergonomic}

Logging:
Log output configuration:
 #0: stdout all=warning uptime,level,tags foldmultilines=false
 #1: stderr all=off uptime,level,tags foldmultilines=false

Environment Variables:
JAVA_HOME=C:\ForDevelop\AdoptopenJDK\jdk-11.0.22_7\
PATH=C:/ForDevelop/eclipse/pleadesAllInOne2023/java/17/bin/server;C:/ForDevelop/eclipse/pleadesAllInOne2023/java/17/bin;C:\ForDevelop\AdoptopenJDK\jdk-11.0.22_7\bin;C:\Program Files\Common Files\Oracle\Java\javapath;C:\Program Files (x86)\Common Files\Apple\Apple Application Support;C:\WINDOWS\system32;C:\WINDOWS;C:\WINDOWS\System32\Wbem;C:\WINDOWS\System32\WindowsPowerShell\v1.0\;C:\WINDOWS\System32\OpenSSH\;C:\Program Files (x86)\Fujitsu\FJAgent\Core\bin;C:\Program Files\Git\cmd;C:\Program Files\Microsoft SQL Server\150\Tools\Binn\;C:\Program Files\Microsoft SQL Server\Client SDK\ODBC\170\Tools\Binn\;C:\Program Files\dotnet\;C:\Program Files\nodejs\;C:\Program Files\MySQL\MySQL Server 8.0\bin;C:\Program Files\MySQL\MySQL Shell 8.0\bin\;C:\Users\Owner\anaconda3;C:\Users\Owner\anaconda3\Library\mingw-w64\bin;C:\Users\Owner\anaconda3\Library\usr\bin;C:\Users\Owner\anaconda3\Library\bin;C:\Users\Owner\anaconda3\Scripts;C:\Users\Owner\AppData\Local\Programs\Python\Python311\Scripts\;C:\Users\Owner\AppData\Local\Programs\Python\Python311\;C:\Users\Owner\AppData\Local\Microsoft\WindowsApps;C:\Users\Owner\AppData\Local\Programs\Microsoft VS Code\bin;C:\Users\Owner\AppData\Local\Packages\PythonSoftwareFoundation.Python.3.10_qbz5n2kfra8p0\LocalCache\local-packages\Python310\site-packages;search-ms:displayname=%3A%20site-packages&crumb=location:C%3A%5CUsers%5COwner%5CAppData%5CLocal%5CPackages%5CPythonSoftwareFoundation.Python.3.10_qbz5n2kfra8p0%5CLocalCache%5Clocal-packages%5CPython310%5Csite-packages\streamlit;C:\Users\Owner\.dotnet\tools;C:\Users\Owner\AppData\Local\GitHubDesktop\bin;C:Program FilesJavajdk-21\bin;C:\Users\Owner\AppData\Roaming\npm;C:\ForDevelop\eclipse\pleadesAllInOne2023\eclipse;
USERNAME=Owner
OS=Windows_NT
PROCESSOR_IDENTIFIER=Intel64 Family 6 Model 142 Stepping 12, GenuineIntel
TMP=C:\Users\Owner\AppData\Local\Temp
TEMP=C:\Users\Owner\AppData\Local\Temp




Periodic native trim disabled

---------------  S Y S T E M  ---------------

OS:
 Windows 11 , 64 bit Build 22621 (10.0.22621.3085)
OS uptime: 11 days 9:36 hours
Hyper-V role detected

CPU: total 8 (initial active 8) (4 cores per cpu, 2 threads per core) family 6 model 142 stepping 12 microcode 0xde, cx8, cmov, fxsr, ht, mmx, 3dnowpref, sse, sse2, sse3, ssse3, sse4.1, sse4.2, popcnt, lzcnt, tsc, tscinvbit, avx, avx2, aes, erms, clmul, bmi1, bmi2, adx, fma, vzeroupper, clflush, clflushopt, hv, rdtscp, f16c
Processor Information for all 8 processors :
  Max Mhz: 1992, Current Mhz: 1792, Mhz Limit: 1792

Memory: 4k page, system-wide physical 16101M (6040M free)
TotalPageFile size 18533M (AvailPageFile size 3589M)
current process WorkingSet (physical memory assigned to process): 216M, peak: 222M
current process commit charge ("private bytes"): 261M, peak: 377M

vm_info: OpenJDK 64-Bit Server VM (21.0.2+13-LTS) for windows-amd64 JRE (21.0.2+13-LTS), built on 2024-01-16T00:00:00Z by "admin" with unknown MS VC++:1937

END.
