#
# A fatal error has been detected by the Java Runtime Environment:
#
#  EXCEPTION_ACCESS_VIOLATION (0xc0000005) at pc=0x00007ffcc85f3fb4, pid=8372, tid=10924
#
# JRE version: OpenJDK Runtime Environment Temurin-21.0.2+13 (21.0.2+13) (build 21.0.2+13-LTS)
# Java VM: OpenJDK 64-Bit Server VM Temurin-21.0.2+13 (21.0.2+13-LTS, mixed mode, emulated-client, sharing, tiered, compressed oops, compressed class ptrs, g1 gc, windows-amd64)
# Problematic frame:
# V  [jvm.dll+0x363fb4]
#
# No core dump will be written. Minidumps are not enabled by default on client versions of Windows
#
# If you would like to submit a bug report, please visit:
#   https://github.com/adoptium/adoptium-support/issues
#

---------------  S U M M A R Y ------------

Command Line: -XX:+ShowCodeDetailsInExceptionMessages -agentlib:jdwp=transport=dt_socket,suspend=y,address=localhost:51464 -Dcom.sun.management.jmxremote -Dcom.sun.management.jmxremote.port=51463 -Dcom.sun.management.jmxremote.authenticate=false -Dcom.sun.management.jmxremote.ssl=false -Djava.rmi.server.hostname=localhost -Dspring.jmx.enabled=true -Dmanagement.endpoints.jmx.exposure.include=* -Dspring.application.admin.enabled=true -XX:TieredStopAtLevel=1 -Dspring.boot.project.name=cliantManagementSystem -javaagent:C:\ForDevelop\eclipse\pleadesAllInOne2023\eclipse\configuration\org.eclipse.osgi\249\0\.cp\lib\javaagent-shaded.jar -Dfile.encoding=UTF-8 -Dstdout.encoding=UTF-8 -Dstderr.encoding=UTF-8 com.example.demo.CliantManagementSystemApplication --spring.output.ansi.enabled=always

Host: Intel(R) Core(TM) i7-8565U CPU @ 1.80GHz, 8 cores, 15G,  Windows 11 , 64 bit Build 22621 (10.0.22621.3085)
Time: Wed Feb 21 16:57:29 2024  Windows 11 , 64 bit Build 22621 (10.0.22621.3085) elapsed time: 1543.091516 seconds (0d 0h 25m 43s)

---------------  T H R E A D  ---------------

Current thread (0x000002b163391f60):  WorkerThread "GC Thread#1"    [id=10924, stack(0x000000b75ee00000,0x000000b75ef00000) (1024K)]

Stack: [0x000000b75ee00000,0x000000b75ef00000],  sp=0x000000b75eefdde0,  free space=1015k
Native frames: (J=compiled Java code, j=interpreted, Vv=VM code, C=native code)
V  [jvm.dll+0x363fb4]
V  [jvm.dll+0x31452b]
V  [jvm.dll+0x313f7d]
V  [jvm.dll+0x3ebbd5]
V  [jvm.dll+0x84cea6]
V  [jvm.dll+0x856931]
V  [jvm.dll+0x3646da]
V  [jvm.dll+0x36456a]
V  [jvm.dll+0x36be34]
V  [jvm.dll+0x36bfab]
V  [jvm.dll+0x8d0f87]
V  [jvm.dll+0x84cb3b]
V  [jvm.dll+0x6c7c2d]
C  [ucrtbase.dll+0x29363]
C  [KERNEL32.DLL+0x1257d]
C  [ntdll.dll+0x5aa58]

JavaThread 0x000002b163a2b0a0 (nid = 16280) was being processed
Java frames: (J=compiled Java code, j=interpreted, Vv=VM code)
j  java.lang.invoke.DirectMethodHandle$Holder.newInvokeSpecial(Ljava/lang/Object;)Ljava/lang/Object;+15 java.base@21.0.2
J 881 c1 jdk.internal.reflect.DirectConstructorHandleAccessor.newInstance([Ljava/lang/Object;)Ljava/lang/Object; java.base@21.0.2 (130 bytes) @ 0x000002b1123fc8ec [0x000002b1123fc6e0+0x000000000000020c]
J 880 c1 java.lang.reflect.Constructor.newInstanceWithCaller([Ljava/lang/Object;ZLjava/lang/Class;)Ljava/lang/Object; java.base@21.0.2 (51 bytes) @ 0x000002b1123fb5bc [0x000002b1123fb4e0+0x00000000000000dc]
J 3360 c1 org.springframework.beans.BeanUtils.instantiateClass(Ljava/lang/reflect/Constructor;[Ljava/lang/Object;)Ljava/lang/Object; (208 bytes) @ 0x000002b11298488c [0x000002b112984300+0x000000000000058c]
J 5971 c1 org.springframework.beans.factory.support.SimpleInstantiationStrategy.instantiate(Lorg/springframework/beans/factory/support/RootBeanDefinition;Ljava/lang/String;Lorg/springframework/beans/factory/BeanFactory;)Ljava/lang/Object; (123 bytes) @ 0x000002b112c5896c [0x000002b112c584a0+0x00000000000004cc]
J 5970 c1 org.springframework.beans.factory.support.AbstractAutowireCapableBeanFactory.instantiateBean(Ljava/lang/String;Lorg/springframework/beans/factory/support/RootBeanDefinition;)Lorg/springframework/beans/BeanWrapper; (51 bytes) @ 0x000002b112c578f4 [0x000002b112c57840+0x00000000000000b4]
J 5284 c1 org.springframework.beans.factory.support.AbstractAutowireCapableBeanFactory.createBeanInstance(Ljava/lang/String;Lorg/springframework/beans/factory/support/RootBeanDefinition;[Ljava/lang/Object;)Lorg/springframework/beans/BeanWrapper; (241 bytes) @ 0x000002b112ba16f4 [0x000002b112ba10c0+0x0000000000000634]
J 5283 c1 org.springframework.beans.factory.support.AbstractAutowireCapableBeanFactory.doCreateBean(Ljava/lang/String;Lorg/springframework/beans/factory/support/RootBeanDefinition;[Ljava/lang/Object;)Ljava/lang/Object; (469 bytes) @ 0x000002b112b9d1cc [0x000002b112b9d020+0x00000000000001ac]
J 5282 c1 org.springframework.beans.factory.support.AbstractAutowireCapableBeanFactory.createBean(Ljava/lang/String;Lorg/springframework/beans/factory/support/RootBeanDefinition;[Ljava/lang/Object;)Ljava/lang/Object; (214 bytes) @ 0x000002b112b9abbc [0x000002b112b9a6c0+0x00000000000004fc]
J 5524 c1 org.springframework.beans.factory.support.AbstractBeanFactory$$Lambda+0x000002b11f27a3a0.getObject()Ljava/lang/Object; (20 bytes) @ 0x000002b112c18c3c [0x000002b112c18ba0+0x000000000000009c]
J 5516 c1 org.springframework.beans.factory.support.DefaultSingletonBeanRegistry.getSingleton(Ljava/lang/String;Lorg/springframework/beans/factory/ObjectFactory;)Ljava/lang/Object; (279 bytes) @ 0x000002b112c152bc [0x000002b112c14f60+0x000000000000035c]
J 3121 c1 org.springframework.beans.factory.support.AbstractBeanFactory.doGetBean(Ljava/lang/String;Ljava/lang/Class;[Ljava/lang/Object;Z)Ljava/lang/Object; (740 bytes) @ 0x000002b112913134 [0x000002b112912ac0+0x0000000000000674]
J 4411 c1 org.springframework.beans.factory.support.AbstractBeanFactory.getBean(Ljava/lang/String;)Ljava/lang/Object; (9 bytes) @ 0x000002b112b2d434 [0x000002b112b2d3c0+0x0000000000000074]
j  org.springframework.beans.factory.support.DefaultListableBeanFactory.preInstantiateSingletons()V+152
j  org.springframework.context.support.AbstractApplicationContext.finishBeanFactoryInitialization(Lorg/springframework/beans/factory/config/ConfigurableListableBeanFactory;)V+130
j  org.springframework.context.support.AbstractApplicationContext.refresh()V+94
j  org.springframework.boot.web.servlet.context.ServletWebServerApplicationContext.refresh()V+1
j  org.springframework.boot.SpringApplication.refresh(Lorg/springframework/context/ConfigurableApplicationContext;)V+1
j  org.springframework.boot.SpringApplication.refreshContext(Lorg/springframework/context/ConfigurableApplicationContext;)V+16
j  org.springframework.boot.SpringApplication.run([Ljava/lang/String;)Lorg/springframework/context/ConfigurableApplicationContext;+110
j  org.springframework.boot.SpringApplication.run([Ljava/lang/Class;[Ljava/lang/String;)Lorg/springframework/context/ConfigurableApplicationContext;+9
j  org.springframework.boot.SpringApplication.run(Ljava/lang/Class;[Ljava/lang/String;)Lorg/springframework/context/ConfigurableApplicationContext;+9
j  com.example.demo.CliantManagementSystemApplication.main([Ljava/lang/String;)V+3
j  java.lang.invoke.LambdaForm$DMH+0x000002b11f004c00.invokeStatic(Ljava/lang/Object;Ljava/lang/Object;)V+10 java.base@21.0.2
j  java.lang.invoke.LambdaForm$MH+0x000002b11f3fcc00.invoke(Ljava/lang/Object;Ljava/lang/Object;Ljava/lang/Object;)Ljava/lang/Object;+33 java.base@21.0.2
J 4322 c1 jdk.internal.reflect.DirectMethodHandleAccessor.invoke(Ljava/lang/Object;[Ljava/lang/Object;)Ljava/lang/Object; java.base@21.0.2 (92 bytes) @ 0x000002b112b04a7c [0x000002b112b046c0+0x00000000000003bc]
J 4332 c1 java.lang.reflect.Method.invoke(Ljava/lang/Object;[Ljava/lang/Object;)Ljava/lang/Object; java.base@21.0.2 (108 bytes) @ 0x000002b112b08ef4 [0x000002b112b08d00+0x00000000000001f4]
j  org.springframework.boot.devtools.restart.RestartLauncher.run()V+47
v  ~StubRoutines::call_stub 0x000002b1120f100d

siginfo: EXCEPTION_ACCESS_VIOLATION (0xc0000005), reading address 0x000002b1083755b2


Registers:
RAX=0x000000000005bafc, RBX=0x000002b1650cff58, RCX=0x0000000000000015, RDX=0x000002b1082bdfba
RSP=0x000000b75eefdde0, RBP=0x000000b75eefdf10, RSI=0x000000b75eefe0e0, RDI=0x000000b75f8fd840
R8 =0x000000b75f8fd840, R9 =0x000002b108270c70, R10=0x000002b1120f0000, R11=0x000000b75eefdf88
R12=0x000002b11e544140, R13=0x000002b11d5aab90, R14=0x000002b1632ffae0, R15=0x0000000000000000
RIP=0x00007ffcc85f3fb4, EFLAGS=0x0000000000010206


Register to memory mapping:

RAX=0x000000000005bafc is an unknown value
RBX=0x000002b1650cff58 points into unknown readable memory: 0x00007ffcc8cb44a0 | a0 44 cb c8 fc 7f 00 00
RCX=0x0000000000000015 is an unknown value
RDX=0x000002b1082bdfba points into unknown readable memory: 00 00 00 00 00 00
RSP=0x000000b75eefdde0 points into unknown readable memory: 0x000000b75eefdea0 | a0 de ef 5e b7 00 00 00
RBP=0x000000b75eefdf10 points into unknown readable memory: 0x0000001c00000000 | 00 00 00 00 1c 00 00 00
RSI=0x000000b75eefe0e0 points into unknown readable memory: 0x000000b75f8fd838 | 38 d8 8f 5f b7 00 00 00
RDI=0x000000b75f8fd840 is pointing into the stack for thread: 0x000002b163a2b0a0
R8 =0x000000b75f8fd840 is pointing into the stack for thread: 0x000002b163a2b0a0
R9 =0x000002b108270c70 points into unknown readable memory: 0x00007ffcc8cab548 | 48 b5 ca c8 fc 7f 00 00
R10=0x000002b1120f0000 points into unknown readable memory: 0x0000000000000006 | 06 00 00 00 00 00 00 00
R11=0x000000b75eefdf88 points into unknown readable memory: 0x00007ffcc85a3f7d | 7d 3f 5a c8 fc 7f 00 00
R12=0x000002b11e544140 is pointing into metadata
R13=0x000002b11d5aab90 points into unknown readable memory: 0x0000000000000000 | 00 00 00 00 00 00 00 00
R14=0x000002b1632ffae0 points into unknown readable memory: 0x0000000200000002 | 02 00 00 00 02 00 00 00
R15=0x0 is null

Top of Stack: (sp=0x000000b75eefdde0)
0x000000b75eefdde0:   000000b75eefdea0 000000b75eefe0e0
0x000000b75eefddf0:   000002b11e480090 0000000000000000
0x000000b75eefde00:   000002b1650cff58 00007ffcc85a452b
0x000000b75eefde10:   0000000000000001 000002b11e0b6430
0x000000b75eefde20:   000002b1650cff58 000000b75eefe0e0
0x000000b75eefde30:   0000000f00000301 000002b11e0b6430
0x000000b75eefde40:   000002b163391f60 000002b100000003
0x000000b75eefde50:   00000000000003d8 000002b11d5aaba0
0x000000b75eefde60:   000002b11d5aaf78 000002b11e72d03f
0x000000b75eefde70:   000000b7000000b8 000002b11e0b6430
0x000000b75eefde80:   00007ffcc8ca9f00 000000b75eefe0e0
0x000000b75eefde90:   000002b1650cff58 0000000400000003
0x000000b75eefdea0:   000002b11e544140 0000001300000001
0x000000b75eefdeb0:   0000000000000032 000000010000000c
0x000000b75eefdec0:   000002b11e480090 0000000000000000
0x000000b75eefded0:   000000000000001c 000002b163a2d090
0x000000b75eefdee0:   0000000000000000 00007ffcc85a4638
0x000000b75eefdef0:   000000b75eefdff0 0000000000000000
0x000000b75eefdf00:   000002b11e017600 000000065eef0013
0x000000b75eefdf10:   0000001c00000000 0000000000000015
0x000000b75eefdf20:   000002b1650cff58 00007ffcc85f403e
0x000000b75eefdf30:   0000000000000000 000000b700000003
0x000000b75eefdf40:   00006f60d5576a82 000002b15f8d3b54
0x000000b75eefdf50:   000002b1650cff58 00000000000003d8
0x000000b75eefdf60:   000002b11d5aaf78 000000b75eefe0e0
0x000000b75eefdf70:   000002b1650d0000 00007ffcc8ae5820
0x000000b75eefdf80:   000002b1650cff58 00007ffcc85a3f7d
0x000000b75eefdf90:   0000000000000000 000002b1650d0000
0x000000b75eefdfa0:   0000000000000000 00007ffcc867db06
0x000000b75eefdfb0:   000000b75eefe010 000002b100000006
0x000000b75eefdfc0:   0000000500000003 0000ffff09587a00
0x000000b75eefdfd0:   000002b163a2b0a0 00007ffcc8a2b0f1 

Instructions: (pc=0x00007ffcc85f3fb4)
0x00007ffcc85f3eb4:   00 00 48 d3 e8 0f b7 14 42 0f b7 c2 66 c1 e8 08
0x00007ffcc85f3ec4:   84 c0 78 3a 4c 8b 07 41 0f b6 c0 24 03 3c 03 75
0x00007ffcc85f3ed4:   06 49 83 e0 fc eb 12 48 8b 4b 10 4d 8b c8 4c 8b
0x00007ffcc85f3ee4:   c7 e8 96 1a ff ff 4c 8b c0 4c 2b 05 ac a0 8b 00
0x00007ffcc85f3ef4:   8b 0d ae a0 8b 00 49 d3 e8 44 89 06 eb 5a 3c fd
0x00007ffcc85f3f04:   75 37 41 8b 88 18 02 00 00 48 8b d7 49 8b 80 10
0x00007ffcc85f3f14:   02 00 00 48 d3 e0 8b 0d 20 73 92 00 48 2b d0 49
0x00007ffcc85f3f24:   8b 80 90 05 00 00 48 d3 ea 8b ca 80 7c 48 01 fd
0x00007ffcc85f3f34:   75 17 c6 44 48 01 ff eb 10 3c fc 75 0c 48 8b 4b
0x00007ffcc85f3f44:   10 48 8b d6 e8 f3 f2 ff ff 8b 53 18 4c 8b c7 48
0x00007ffcc85f3f54:   8b 4b 28 e8 54 59 fb ff 48 8b 4b 10 e8 cb f3 fe
0x00007ffcc85f3f64:   ff 48 8b 7c 24 30 48 8b 5c 24 38 48 83 c4 20 5e
0x00007ffcc85f3f74:   c3 cc cc cc cc cc cc cc cc cc cc cc 48 89 5c 24
0x00007ffcc85f3f84:   08 57 48 83 ec 20 4c 8b 02 48 8b fa 48 8b d9 4d
0x00007ffcc85f3f94:   85 c0 0f 84 a2 00 00 00 4c 8b 49 08 49 8b c0 41
0x00007ffcc85f3fa4:   8b 89 b0 05 00 00 49 8b 91 a0 05 00 00 48 d3 e8
0x00007ffcc85f3fb4:   0f b7 14 42 0f b7 c2 66 c1 e8 08 84 c0 78 29 49
0x00007ffcc85f3fc4:   8b 08 0f b6 c1 24 03 3c 03 75 09 48 83 e1 fc 48
0x00007ffcc85f3fd4:   89 0f eb 5d 4c 8b c9 48 8b 4b 10 e8 9c 19 ff ff
0x00007ffcc85f3fe4:   48 8b c8 48 89 07 eb 49 3c fd 75 35 41 8b 89 18
0x00007ffcc85f3ff4:   02 00 00 49 8b 81 10 02 00 00 48 d3 e0 8b 0d 39
0x00007ffcc85f4004:   72 92 00 4c 2b c0 49 8b 81 90 05 00 00 49 d3 e8
0x00007ffcc85f4014:   41 8b c8 80 7c 48 01 fd 75 17 c6 44 48 01 ff eb
0x00007ffcc85f4024:   10 3c fc 75 0c 48 8b 4b 10 48 8b d7 e8 ab f1 ff
0x00007ffcc85f4034:   ff 48 8b 4b 10 e8 f2 f2 fe ff 48 8b 5c 24 30 48
0x00007ffcc85f4044:   83 c4 20 5f c3 cc cc cc cc cc cc cc 48 89 5c 24
0x00007ffcc85f4054:   08 57 48 83 ec 20 8b 02 48 8b fa 48 8b d9 85 c0
0x00007ffcc85f4064:   0f 84 c6 00 00 00 8b 0d 38 9f 8b 00 44 8b d0 4c
0x00007ffcc85f4074:   8b 43 08 49 d3 e2 4c 03 15 1f 9f 8b 00 49 8b c2
0x00007ffcc85f4084:   41 8b 88 b0 05 00 00 49 8b 90 a0 05 00 00 48 d3
0x00007ffcc85f4094:   e8 0f b7 14 42 0f b7 c2 66 c1 e8 08 84 c0 78 3a
0x00007ffcc85f40a4:   4d 8b 02 41 0f b6 c0 24 03 3c 03 75 06 49 83 e0 


Stack slot to memory mapping:

stack at sp + 0 slots: 0x000000b75eefdea0 points into unknown readable memory: 0x000002b11e544140 | 40 41 54 1e b1 02 00 00
stack at sp + 1 slots: 0x000000b75eefe0e0 points into unknown readable memory: 0x000000b75f8fd838 | 38 d8 8f 5f b7 00 00 00
stack at sp + 2 slots: 0x000002b11e480090 is pointing into metadata
stack at sp + 3 slots: 0x0 is null
stack at sp + 4 slots: 0x000002b1650cff58 points into unknown readable memory: 0x00007ffcc8cb44a0 | a0 44 cb c8 fc 7f 00 00
stack at sp + 5 slots: 0x00007ffcc85a452b jvm.dll
stack at sp + 6 slots: 0x0000000000000001 is an unknown value
stack at sp + 7 slots: {method} {0x000002b11e0b6438} 'newInvokeSpecial' '(Ljava/lang/Object;)Ljava/lang/Object;' in 'java/lang/invoke/DirectMethodHandle$Holder'


---------------  P R O C E S S  ---------------

Threads class SMR info:
_java_thread_list=0x000002b1641246e0, length=30, elements={
0x000002b11ce3c8d0, 0x000002b11ce3d490, 0x000002b11ce3fb30, 0x000002b11ce40940,
0x000002b11ce443e0, 0x000002b11ce4a210, 0x000002b11ce4e1d0, 0x000002b11ce4c970,
0x000002b11d603870, 0x000002b11d62aa70, 0x000002b11d62fe40, 0x000002b11ce4af30,
0x000002b11ce4c2e0, 0x000002b11ce4d000, 0x000002b11ce4d690, 0x000002b163a28fd0,
0x000002b163a27590, 0x000002b163a282b0, 0x000002b163a254c0, 0x000002b164f72500,
0x000002b164f6f080, 0x000002b164f76010, 0x000002b164f71e70, 0x000002b164f717e0,
0x000002b163a2aa10, 0x000002b163a2b0a0, 0x000002b163a29cf0, 0x000002b163a2a380,
0x000002b163a261e0, 0x000002b163a2bdc0
}

Java Threads: ( => current thread )
  0x000002b11ce3c8d0 JavaThread "Reference Handler"          daemon [_thread_blocked, id=20424, stack(0x000000b75df00000,0x000000b75e000000) (1024K)]
  0x000002b11ce3d490 JavaThread "Finalizer"                  daemon [_thread_blocked, id=12888, stack(0x000000b75e000000,0x000000b75e100000) (1024K)]
  0x000002b11ce3fb30 JavaThread "Signal Dispatcher"          daemon [_thread_blocked, id=17048, stack(0x000000b75e100000,0x000000b75e200000) (1024K)]
  0x000002b11ce40940 JavaThread "Attach Listener"            daemon [_thread_blocked, id=9164, stack(0x000000b75e200000,0x000000b75e300000) (1024K)]
  0x000002b11ce443e0 JavaThread "Service Thread"             daemon [_thread_blocked, id=8788, stack(0x000000b75e300000,0x000000b75e400000) (1024K)]
  0x000002b11ce4a210 JavaThread "Monitor Deflation Thread"   daemon [_thread_blocked, id=4868, stack(0x000000b75e400000,0x000000b75e500000) (1024K)]
  0x000002b11ce4e1d0 JavaThread "C1 CompilerThread0"         daemon [_thread_blocked, id=12512, stack(0x000000b75e500000,0x000000b75e600000) (1024K)]
  0x000002b11ce4c970 JavaThread "Common-Cleaner"             daemon [_thread_blocked, id=7400, stack(0x000000b75e600000,0x000000b75e700000) (1024K)]
  0x000002b11d603870 JavaThread "JDWP Transport Listener: dt_socket" daemon [_thread_blocked, id=21520, stack(0x000000b75e800000,0x000000b75e900000) (1024K)]
  0x000002b11d62aa70 JavaThread "JDWP Event Helper Thread"   daemon [_thread_blocked, id=19624, stack(0x000000b75e900000,0x000000b75ea00000) (1024K)]
  0x000002b11d62fe40 JavaThread "JDWP Command Reader"        daemon [_thread_in_native, id=7176, stack(0x000000b75ea00000,0x000000b75eb00000) (1024K)]
  0x000002b11ce4af30 JavaThread "Notification Thread"        daemon [_thread_blocked, id=4724, stack(0x000000b75eb00000,0x000000b75ec00000) (1024K)]
  0x000002b11ce4c2e0 JavaThread "RMI TCP Accept-0"           daemon [_thread_in_native, id=8128, stack(0x000000b75f500000,0x000000b75f600000) (1024K)]
  0x000002b11ce4d000 JavaThread "RMI TCP Accept-51463"       daemon [_thread_in_native, id=17056, stack(0x000000b75f600000,0x000000b75f700000) (1024K)]
  0x000002b11ce4d690 JavaThread "RMI TCP Accept-0"           daemon [_thread_in_native, id=11956, stack(0x000000b75f700000,0x000000b75f800000) (1024K)]
  0x000002b163a28fd0 JavaThread "RMI Scheduler(0)"           daemon [_thread_blocked, id=14804, stack(0x000000b75fb00000,0x000000b75fc00000) (1024K)]
  0x000002b163a27590 JavaThread "RMI TCP Connection(idle)"   daemon [_thread_blocked, id=19368, stack(0x000000b75fc00000,0x000000b75fd00000) (1024K)]
  0x000002b163a282b0 JavaThread "JMX server connection timeout 43" daemon [_thread_blocked, id=13716, stack(0x000000b75fe00000,0x000000b75ff00000) (1024K)]
  0x000002b163a254c0 JavaThread "Live Reload Server"         daemon [_thread_in_native, id=14152, stack(0x000000b760500000,0x000000b760600000) (1024K)]
  0x000002b164f72500 JavaThread "DestroyJavaVM"                     [_thread_blocked, id=8356, stack(0x000000b75d700000,0x000000b75d800000) (1024K)]
  0x000002b164f6f080 JavaThread "File Watcher"               daemon [_thread_blocked, id=9364, stack(0x000000b75e700000,0x000000b75e800000) (1024K)]
  0x000002b164f76010 JavaThread "File Watcher"               daemon [_thread_blocked, id=15520, stack(0x000000b75d600000,0x000000b75d700000) (1024K)]
  0x000002b164f71e70 JavaThread "File Watcher"               daemon [_thread_blocked, id=13056, stack(0x000000b75ec00000,0x000000b75ed00000) (1024K)]
  0x000002b164f717e0 JavaThread "File Watcher"               daemon [_thread_blocked, id=21524, stack(0x000000b75ed00000,0x000000b75ee00000) (1024K)]
  0x000002b163a2aa10 JavaThread "Thread-60"                         [_thread_blocked, id=21040, stack(0x000000b75d400000,0x000000b75d500000) (1024K)]
  0x000002b163a2b0a0 JavaThread "restartedMain"                     [_thread_blocked, id=16280, stack(0x000000b75f800000,0x000000b75f900000) (1024K)]
  0x000002b163a29cf0 JavaThread "HikariPool-16 housekeeper"  daemon [_thread_blocked, id=9292, stack(0x000000b75f900000,0x000000b75fa00000) (1024K)]
  0x000002b163a2a380 JavaThread "Catalina-utility-1"                [_thread_blocked, id=23184, stack(0x000000b75fa00000,0x000000b75fb00000) (1024K)]
  0x000002b163a261e0 JavaThread "Catalina-utility-2"                [_thread_blocked, id=13936, stack(0x000000b75fd00000,0x000000b75fe00000) (1024K)]
  0x000002b163a2bdc0 JavaThread "container-4"                       [_thread_blocked, id=9340, stack(0x000000b75ff00000,0x000000b760000000) (1024K)]
Total: 30

Other Threads:
  0x000002b11ce16ef0 VMThread "VM Thread"                           [id=3028, stack(0x000000b75de00000,0x000000b75df00000) (1024K)]
  0x000002b11ce03330 WatcherThread "VM Periodic Task Thread"        [id=23148, stack(0x000000b75dd00000,0x000000b75de00000) (1024K)]
  0x000002b1082c6010 WorkerThread "GC Thread#0"                     [id=17464, stack(0x000000b75d800000,0x000000b75d900000) (1024K)]
=>0x000002b163391f60 WorkerThread "GC Thread#1"                     [id=10924, stack(0x000000b75ee00000,0x000000b75ef00000) (1024K)]
  0x000002b163392300 WorkerThread "GC Thread#2"                     [id=7412, stack(0x000000b75ef00000,0x000000b75f000000) (1024K)]
  0x000002b1633926a0 WorkerThread "GC Thread#3"                     [id=868, stack(0x000000b75f000000,0x000000b75f100000) (1024K)]
  0x000002b163392a40 WorkerThread "GC Thread#4"                     [id=14372, stack(0x000000b75f100000,0x000000b75f200000) (1024K)]
  0x000002b163392de0 WorkerThread "GC Thread#5"                     [id=16328, stack(0x000000b75f200000,0x000000b75f300000) (1024K)]
  0x000002b16339a8b0 WorkerThread "GC Thread#6"                     [id=21888, stack(0x000000b75f300000,0x000000b75f400000) (1024K)]
  0x000002b163332200 WorkerThread "GC Thread#7"                     [id=20332, stack(0x000000b75f400000,0x000000b75f500000) (1024K)]
  0x000002b10811dec0 ConcurrentGCThread "G1 Main Marker"            [id=21924, stack(0x000000b75d900000,0x000000b75da00000) (1024K)]
  0x000002b1082d5270 WorkerThread "G1 Conc#0"                       [id=14184, stack(0x000000b75da00000,0x000000b75db00000) (1024K)]
  0x000002b163b77300 WorkerThread "G1 Conc#1"                       [id=16448, stack(0x000000b760000000,0x000000b760100000) (1024K)]
  0x000002b11ccd4470 ConcurrentGCThread "G1 Refine#0"               [id=5220, stack(0x000000b75db00000,0x000000b75dc00000) (1024K)]
  0x000002b11ccd4c90 ConcurrentGCThread "G1 Service"                [id=22640, stack(0x000000b75dc00000,0x000000b75dd00000) (1024K)]
Total: 15

Threads with active compile tasks:
Total: 0

VM state: at safepoint (normal execution)

VM Mutex/Monitor currently owned by a thread:  ([mutex/lock_event])
[0x00007ffcc8f33198] Threads_lock - owner thread: 0x000002b11ce16ef0
[0x00007ffcc8f33298] Heap_lock - owner thread: 0x000002b164f717e0

Heap address: 0x0000000704600000, size: 4026 MB, Compressed Oops mode: Zero based, Oop shift amount: 3

CDS archive(s) mapped at: [0x000002b11e000000-0x000002b11ec90000-0x000002b11ec90000), size 13172736, SharedBaseAddress: 0x000002b11e000000, ArchiveRelocationMode: 1.
Compressed class space mapped at: 0x000002b11f000000-0x000002b15f000000, reserved size: 1073741824
Narrow klass base: 0x000002b11e000000, Narrow klass shift: 0, Narrow klass range: 0x100000000

GC Precious Log:
 CardTable entry size: 512
 Card Set container configuration: InlinePtr #cards 4 size 8 Array Of Cards #cards 16 size 48 Howl #buckets 8 coarsen threshold 3686 Howl Bitmap #cards 512 size 80 coarsen threshold 460 Card regions per heap region 1 cards per card region 4096
 CPUs: 8 total, 8 available
 Memory: 16101M
 Large Page Support: Disabled
 NUMA Support: Disabled
 Compressed Oops: Enabled (Zero based)
 Heap Region Size: 2M
 Heap Min Capacity: 8M
 Heap Initial Capacity: 252M
 Heap Max Capacity: 4026M
 Pre-touch: Disabled
 Parallel Workers: 8
 Concurrent Workers: 2
 Concurrent Refinement Workers: 8
 Periodic GC: Disabled

Heap:
 garbage-first heap   total 69632K, used 56118K [0x0000000704600000, 0x0000000800000000)
  region size 2048K, 20 young (40960K), 2 survivors (4096K)
 Metaspace       used 46790K, committed 47296K, reserved 1114112K
  class space    used 6147K, committed 6400K, reserved 1048576K

Heap Regions: E=young(eden), S=young(survivor), O=old, HS=humongous(starts), HC=humongous(continues), CS=collection set, F=free, TAMS=top-at-mark-start, PB=parsable bottom
|   0|0x0000000704600000, 0x0000000704800000, 0x0000000704800000|100%| O|  |TAMS 0x0000000704600000| PB 0x0000000704600000| Untracked 
|   1|0x0000000704800000, 0x00000007049fffc8, 0x0000000704a00000| 99%| O|  |TAMS 0x0000000704800000| PB 0x0000000704800000| Untracked 
|   2|0x0000000704a00000, 0x0000000704bfffc8, 0x0000000704c00000| 99%| O|  |TAMS 0x0000000704a00000| PB 0x0000000704a00000| Untracked 
|   3|0x0000000704c00000, 0x0000000704dfffe8, 0x0000000704e00000| 99%| O|  |TAMS 0x0000000704c00000| PB 0x0000000704c00000| Untracked 
|   4|0x0000000704e00000, 0x0000000704ffffe8, 0x0000000705000000| 99%| O|  |TAMS 0x0000000704e00000| PB 0x0000000704e00000| Untracked 
|   5|0x0000000705000000, 0x00000007051ffff0, 0x0000000705200000| 99%| O|  |TAMS 0x0000000705000000| PB 0x0000000705000000| Untracked 
|   6|0x0000000705200000, 0x00000007053ffff0, 0x0000000705400000| 99%| O|  |TAMS 0x0000000705200000| PB 0x0000000705200000| Untracked 
|   7|0x0000000705400000, 0x0000000705600000, 0x0000000705600000|100%| O|  |TAMS 0x0000000705400000| PB 0x0000000705400000| Untracked 
|   8|0x0000000705600000, 0x00000007057fb228, 0x0000000705800000| 99%| O|  |TAMS 0x0000000705600000| PB 0x0000000705600000| Untracked 
|   9|0x0000000705800000, 0x00000007058d2938, 0x0000000705a00000| 41%| O|  |TAMS 0x0000000705800000| PB 0x0000000705800000| Untracked 
|  10|0x0000000705a00000, 0x0000000705a00000, 0x0000000705c00000|  0%| F|  |TAMS 0x0000000705a00000| PB 0x0000000705a00000| Untracked 
|  11|0x0000000705c00000, 0x0000000705c00000, 0x0000000705e00000|  0%| F|  |TAMS 0x0000000705c00000| PB 0x0000000705c00000| Untracked 
|  12|0x0000000705e00000, 0x0000000705e00000, 0x0000000706000000|  0%| F|  |TAMS 0x0000000705e00000| PB 0x0000000705e00000| Untracked 
|  13|0x0000000706000000, 0x0000000706000000, 0x0000000706200000|  0%| F|  |TAMS 0x0000000706000000| PB 0x0000000706000000| Untracked 
|  14|0x0000000706200000, 0x00000007063450f0, 0x0000000706400000| 63%| S|  |TAMS 0x0000000706200000| PB 0x0000000706200000| Complete 
|  15|0x0000000706400000, 0x0000000706600000, 0x0000000706600000|100%| S|  |TAMS 0x0000000706400000| PB 0x0000000706400000| Complete 
|  16|0x0000000706600000, 0x0000000706800000, 0x0000000706800000|100%| E|CS|TAMS 0x0000000706600000| PB 0x0000000706600000| Complete 
|  17|0x0000000706800000, 0x0000000706a00000, 0x0000000706a00000|100%| E|CS|TAMS 0x0000000706800000| PB 0x0000000706800000| Complete 
|  18|0x0000000706a00000, 0x0000000706c00000, 0x0000000706c00000|100%| E|CS|TAMS 0x0000000706a00000| PB 0x0000000706a00000| Complete 
|  19|0x0000000706c00000, 0x0000000706e00000, 0x0000000706e00000|100%| E|CS|TAMS 0x0000000706c00000| PB 0x0000000706c00000| Complete 
|  20|0x0000000706e00000, 0x0000000707000000, 0x0000000707000000|100%| E|CS|TAMS 0x0000000706e00000| PB 0x0000000706e00000| Complete 
|  21|0x0000000707000000, 0x0000000707200000, 0x0000000707200000|100%| E|CS|TAMS 0x0000000707000000| PB 0x0000000707000000| Complete 
|  22|0x0000000707200000, 0x0000000707400000, 0x0000000707400000|100%| E|CS|TAMS 0x0000000707200000| PB 0x0000000707200000| Complete 
|  23|0x0000000707400000, 0x0000000707600000, 0x0000000707600000|100%| E|CS|TAMS 0x0000000707400000| PB 0x0000000707400000| Complete 
|  24|0x0000000707600000, 0x0000000707800000, 0x0000000707800000|100%| E|CS|TAMS 0x0000000707600000| PB 0x0000000707600000| Complete 
|  25|0x0000000707800000, 0x0000000707a00000, 0x0000000707a00000|100%| E|CS|TAMS 0x0000000707800000| PB 0x0000000707800000| Complete 
|  26|0x0000000707a00000, 0x0000000707c00000, 0x0000000707c00000|100%| E|CS|TAMS 0x0000000707a00000| PB 0x0000000707a00000| Complete 
|  27|0x0000000707c00000, 0x0000000707e00000, 0x0000000707e00000|100%| E|CS|TAMS 0x0000000707c00000| PB 0x0000000707c00000| Complete 
|  28|0x0000000707e00000, 0x0000000708000000, 0x0000000708000000|100%| E|CS|TAMS 0x0000000707e00000| PB 0x0000000707e00000| Complete 
|  29|0x0000000708000000, 0x0000000708200000, 0x0000000708200000|100%| E|CS|TAMS 0x0000000708000000| PB 0x0000000708000000| Complete 
|  30|0x0000000708200000, 0x0000000708400000, 0x0000000708400000|100%| E|CS|TAMS 0x0000000708200000| PB 0x0000000708200000| Complete 
|  31|0x0000000708400000, 0x0000000708600000, 0x0000000708600000|100%| E|CS|TAMS 0x0000000708400000| PB 0x0000000708400000| Complete 
|  32|0x0000000708600000, 0x0000000708800000, 0x0000000708800000|100%| E|CS|TAMS 0x0000000708600000| PB 0x0000000708600000| Complete 
|  33|0x0000000708800000, 0x0000000708a00000, 0x0000000708a00000|100%| E|CS|TAMS 0x0000000708800000| PB 0x0000000708800000| Complete 

Card table byte_map: [0x000002b1161c0000,0x000002b1169a0000] _byte_map_base: 0x000002b11299d000

Marking Bits: (CMBitMap*) 0x000002b1082c6620
 Bits: [0x000002b1169a0000, 0x000002b11a888000)

Polling page: 0x000002b108310000

Metaspace:

Usage:
  Non-class:     39.69 MB used.
      Class:      6.00 MB used.
       Both:     45.69 MB used.

Virtual space:
  Non-class space:       64.00 MB reserved,      39.94 MB ( 62%) committed,  1 nodes.
      Class space:        1.00 GB reserved,       6.25 MB ( <1%) committed,  1 nodes.
             Both:        1.06 GB reserved,      46.19 MB (  4%) committed. 

Chunk freelists:
   Non-Class:  7.45 MB
       Class:  9.68 MB
        Both:  17.13 MB

MaxMetaspaceSize: unlimited
CompressedClassSpaceSize: 1.00 GB
Initial GC threshold: 21.00 MB
Current GC threshold: 77.00 MB
CDS: on
 - commit_granule_bytes: 65536.
 - commit_granule_words: 8192.
 - virtual_space_node_default_size: 8388608.
 - enlarge_chunks_in_place: 1.
 - use_allocation_guard: 0.


Internal statistics:

num_allocs_failed_limit: 3.
num_arena_births: 1248.
num_arena_deaths: 648.
num_vsnodes_births: 2.
num_vsnodes_deaths: 0.
num_space_committed: 739.
num_space_uncommitted: 0.
num_chunks_returned_to_freelist: 803.
num_chunks_taken_from_freelist: 3218.
num_chunk_merges: 135.
num_chunk_splits: 1878.
num_chunks_enlarged: 1375.
num_inconsistent_stats: 0.

CodeCache: size=49152Kb used=12908Kb max_used=15214Kb free=36243Kb
 bounds [0x000002b1120f0000, 0x000002b112fe0000, 0x000002b1150f0000]
 total_blobs=6631 nmethods=5970 adapters=585
 compilation: enabled
              stopped_count=0, restarted_count=0
 full_count=0

Compilation events (20 events):
Event: 1469.611 Thread 0x000002b16328bbc0 8725       1       org.h2.engine.ConnectionInfo::getTimeZone (5 bytes)
Event: 1469.611 Thread 0x000002b11ce4e1d0 8724       1       org.h2.command.dml.NoOperation::update (2 bytes)
Event: 1469.611 Thread 0x000002b11ce4e1d0 nmethod 8724 0x000002b112c36910 code [0x000002b112c36aa0, 0x000002b112c36b70]
Event: 1469.611 Thread 0x000002b16328bbc0 nmethod 8725 0x000002b112c38010 code [0x000002b112c381a0, 0x000002b112c38270]
Event: 1469.611 Thread 0x000002b16328bbc0 8726       1       org.h2.command.dml.Call::setExpression (6 bytes)
Event: 1469.611 Thread 0x000002b16328bbc0 nmethod 8726 0x000002b112c6b210 code [0x000002b112c6b3a0, 0x000002b112c6b4b8]
Event: 1469.626 Thread 0x000002b11ce4e1d0 8727       1       com.zaxxer.hikari.HikariConfig::getConnectionInitSql (5 bytes)
Event: 1469.626 Thread 0x000002b16328bbc0 8728       1       com.zaxxer.hikari.HikariConfig::getMaxLifetime (5 bytes)
Event: 1469.626 Thread 0x000002b11ce4e1d0 nmethod 8727 0x000002b112c74210 code [0x000002b112c743a0, 0x000002b112c74470]
Event: 1469.627 Thread 0x000002b16328bbc0 nmethod 8728 0x000002b112c76c10 code [0x000002b112c76da0, 0x000002b112c76e70]
Event: 1469.627 Thread 0x000002b11ce4e1d0 8729       1       com.zaxxer.hikari.pool.PoolEntry::setFutureEol (6 bytes)
Event: 1469.627 Thread 0x000002b16328bbc0 8730       1       com.zaxxer.hikari.HikariConfig::getKeepaliveTime (5 bytes)
Event: 1469.627 Thread 0x000002b16328bbc0 nmethod 8730 0x000002b112c88790 code [0x000002b112c88920, 0x000002b112c889e8]
Event: 1469.627 Thread 0x000002b11ce4e1d0 nmethod 8729 0x000002b112c91b90 code [0x000002b112c91d20, 0x000002b112c91e40]
Event: 1501.183 Thread 0x000002b11ce4e1d0 8731       1       java.lang.Class$$Lambda/0x000002b11f08fc98::apply (8 bytes)
Event: 1501.183 Thread 0x000002b11ce4e1d0 nmethod 8731 0x000002b11298eb90 code [0x000002b11298ed40, 0x000002b11298eea8]
Event: 1501.183 Thread 0x000002b11ce4e1d0 8732       1       java.lang.Class::lambda$methodToString$0 (15 bytes)
Event: 1501.184 Thread 0x000002b11ce4e1d0 nmethod 8732 0x000002b112c2ed90 code [0x000002b112c2ef40, 0x000002b112c2f040]
Event: 1501.184 Thread 0x000002b11ce4e1d0 8733       1       java.io.ObjectStreamField::getSignature (39 bytes)
Event: 1501.184 Thread 0x000002b11ce4e1d0 nmethod 8733 0x000002b112dd8210 code [0x000002b112dd83e0, 0x000002b112dd85b8]

GC Heap History (20 events):
Event: 1160.670 GC heap after
{Heap after GC invocations=33 (full 7):
 garbage-first heap   total 69632K, used 27367K [0x0000000704600000, 0x0000000800000000)
  region size 2048K, 1 young (2048K), 1 survivors (2048K)
 Metaspace       used 46541K, committed 47104K, reserved 1114112K
  class space    used 6102K, committed 6336K, reserved 1048576K
}
Event: 1242.335 GC heap before
{Heap before GC invocations=33 (full 7):
 garbage-first heap   total 69632K, used 33511K [0x0000000704600000, 0x0000000800000000)
  region size 2048K, 5 young (10240K), 1 survivors (2048K)
 Metaspace       used 46544K, committed 47104K, reserved 1114112K
  class space    used 6103K, committed 6336K, reserved 1048576K
}
Event: 1242.378 GC heap after
{Heap after GC invocations=34 (full 8):
 garbage-first heap   total 69632K, used 17852K [0x0000000704600000, 0x0000000800000000)
  region size 2048K, 0 young (0K), 0 survivors (0K)
 Metaspace       used 46403K, committed 47104K, reserved 1114112K
  class space    used 6068K, committed 6336K, reserved 1048576K
}
Event: 1243.011 GC heap before
{Heap before GC invocations=34 (full 8):
 garbage-first heap   total 69632K, used 54716K [0x0000000704600000, 0x0000000800000000)
  region size 2048K, 19 young (38912K), 0 survivors (0K)
 Metaspace       used 46558K, committed 47168K, reserved 1114112K
  class space    used 6109K, committed 6400K, reserved 1048576K
}
Event: 1243.015 GC heap after
{Heap after GC invocations=35 (full 8):
 garbage-first heap   total 69632K, used 23090K [0x0000000704600000, 0x0000000800000000)
  region size 2048K, 3 young (6144K), 3 survivors (6144K)
 Metaspace       used 46558K, committed 47168K, reserved 1114112K
  class space    used 6109K, committed 6400K, reserved 1048576K
}
Event: 1259.745 GC heap before
{Heap before GC invocations=35 (full 8):
 garbage-first heap   total 69632K, used 35378K [0x0000000704600000, 0x0000000800000000)
  region size 2048K, 10 young (20480K), 3 survivors (6144K)
 Metaspace       used 46581K, committed 47232K, reserved 1114112K
  class space    used 6115K, committed 6400K, reserved 1048576K
}
Event: 1259.791 GC heap after
{Heap after GC invocations=36 (full 9):
 garbage-first heap   total 69632K, used 18961K [0x0000000704600000, 0x0000000800000000)
  region size 2048K, 0 young (0K), 0 survivors (0K)
 Metaspace       used 46504K, committed 47232K, reserved 1114112K
  class space    used 6097K, committed 6400K, reserved 1048576K
}
Event: 1260.166 GC heap before
{Heap before GC invocations=36 (full 9):
 garbage-first heap   total 69632K, used 55825K [0x0000000704600000, 0x0000000800000000)
  region size 2048K, 18 young (36864K), 0 survivors (0K)
 Metaspace       used 46530K, committed 47232K, reserved 1114112K
  class space    used 6103K, committed 6400K, reserved 1048576K
}
Event: 1260.168 GC heap after
{Heap after GC invocations=37 (full 9):
 garbage-first heap   total 69632K, used 22765K [0x0000000704600000, 0x0000000800000000)
  region size 2048K, 2 young (4096K), 2 survivors (4096K)
 Metaspace       used 46530K, committed 47232K, reserved 1114112K
  class space    used 6103K, committed 6400K, reserved 1048576K
}
Event: 1342.970 GC heap before
{Heap before GC invocations=37 (full 9):
 garbage-first heap   total 69632K, used 39149K [0x0000000704600000, 0x0000000800000000)
  region size 2048K, 11 young (22528K), 2 survivors (4096K)
 Metaspace       used 46633K, committed 47232K, reserved 1114112K
  class space    used 6114K, committed 6400K, reserved 1048576K
}
Event: 1343.007 GC heap after
{Heap after GC invocations=38 (full 10):
 garbage-first heap   total 69632K, used 19094K [0x0000000704600000, 0x0000000800000000)
  region size 2048K, 0 young (0K), 0 survivors (0K)
 Metaspace       used 46631K, committed 47232K, reserved 1114112K
  class space    used 6114K, committed 6400K, reserved 1048576K
}
Event: 1343.366 GC heap before
{Heap before GC invocations=38 (full 10):
 garbage-first heap   total 69632K, used 53910K [0x0000000704600000, 0x0000000800000000)
  region size 2048K, 18 young (36864K), 0 survivors (0K)
 Metaspace       used 46646K, committed 47232K, reserved 1114112K
  class space    used 6118K, committed 6400K, reserved 1048576K
}
Event: 1343.369 GC heap after
{Heap after GC invocations=39 (full 10):
 garbage-first heap   total 69632K, used 23112K [0x0000000704600000, 0x0000000800000000)
  region size 2048K, 2 young (4096K), 2 survivors (4096K)
 Metaspace       used 46646K, committed 47232K, reserved 1114112K
  class space    used 6118K, committed 6400K, reserved 1048576K
}
Event: 1386.477 GC heap before
{Heap before GC invocations=39 (full 10):
 garbage-first heap   total 69632K, used 35400K [0x0000000704600000, 0x0000000800000000)
  region size 2048K, 9 young (18432K), 2 survivors (4096K)
 Metaspace       used 46696K, committed 47296K, reserved 1114112K
  class space    used 6136K, committed 6400K, reserved 1048576K
}
Event: 1386.514 GC heap after
{Heap after GC invocations=40 (full 11):
 garbage-first heap   total 69632K, used 19186K [0x0000000704600000, 0x0000000800000000)
  region size 2048K, 0 young (0K), 0 survivors (0K)
 Metaspace       used 46581K, committed 47296K, reserved 1114112K
  class space    used 6105K, committed 6400K, reserved 1048576K
}
Event: 1387.101 GC heap before
{Heap before GC invocations=40 (full 11):
 garbage-first heap   total 69632K, used 56050K [0x0000000704600000, 0x0000000800000000)
  region size 2048K, 18 young (36864K), 0 survivors (0K)
 Metaspace       used 46595K, committed 47296K, reserved 1114112K
  class space    used 6108K, committed 6400K, reserved 1048576K
}
Event: 1387.103 GC heap after
{Heap after GC invocations=41 (full 11):
 garbage-first heap   total 69632K, used 23164K [0x0000000704600000, 0x0000000800000000)
  region size 2048K, 2 young (4096K), 2 survivors (4096K)
 Metaspace       used 46595K, committed 47296K, reserved 1114112K
  class space    used 6108K, committed 6400K, reserved 1048576K
}
Event: 1469.116 GC heap before
{Heap before GC invocations=41 (full 11):
 garbage-first heap   total 69632K, used 39548K [0x0000000704600000, 0x0000000800000000)
  region size 2048K, 11 young (22528K), 2 survivors (4096K)
 Metaspace       used 46759K, committed 47296K, reserved 1114112K
  class space    used 6139K, committed 6400K, reserved 1048576K
}
Event: 1469.153 GC heap after
{Heap after GC invocations=42 (full 12):
 garbage-first heap   total 69632K, used 19254K [0x0000000704600000, 0x0000000800000000)
  region size 2048K, 0 young (0K), 0 survivors (0K)
 Metaspace       used 46756K, committed 47296K, reserved 1114112K
  class space    used 6138K, committed 6400K, reserved 1048576K
}
Event: 1543.068 GC heap before
{Heap before GC invocations=42 (full 12):
 garbage-first heap   total 69632K, used 56118K [0x0000000704600000, 0x0000000800000000)
  region size 2048K, 18 young (36864K), 0 survivors (0K)
 Metaspace       used 46790K, committed 47296K, reserved 1114112K
  class space    used 6147K, committed 6400K, reserved 1048576K
}

Dll operation events (12 events):
Event: 0.008 Loaded shared library C:\ForDevelop\eclipse\pleadesAllInOne2023\java\21\bin\java.dll
Event: 0.260 Loaded shared library C:\ForDevelop\eclipse\pleadesAllInOne2023\java\21\bin\zip.dll
Event: 0.264 Loaded shared library C:\ForDevelop\eclipse\pleadesAllInOne2023\java\21\bin\instrument.dll
Event: 0.267 Loaded shared library C:\ForDevelop\eclipse\pleadesAllInOne2023\java\21\bin\net.dll
Event: 0.268 Loaded shared library C:\ForDevelop\eclipse\pleadesAllInOne2023\java\21\bin\nio.dll
Event: 0.271 Loaded shared library C:\ForDevelop\eclipse\pleadesAllInOne2023\java\21\bin\zip.dll
Event: 0.358 Loaded shared library C:\ForDevelop\eclipse\pleadesAllInOne2023\java\21\bin\jimage.dll
Event: 0.390 Loaded shared library C:\ForDevelop\eclipse\pleadesAllInOne2023\java\21\bin\management.dll
Event: 0.398 Loaded shared library C:\ForDevelop\eclipse\pleadesAllInOne2023\java\21\bin\management_ext.dll
Event: 0.532 Loaded shared library C:\ForDevelop\eclipse\pleadesAllInOne2023\java\21\bin\verify.dll
Event: 0.607 Loaded shared library C:\ForDevelop\eclipse\pleadesAllInOne2023\java\21\bin\extnet.dll
Event: 1.600 Loaded shared library C:\ForDevelop\eclipse\pleadesAllInOne2023\java\21\bin\sunmscapi.dll

Deoptimization events (20 events):
Event: 1501.183 Thread 0x000002b163a27590 DEOPT PACKING pc=0x000002b1123c2574 sp=0x000000b75fcfdeb0
Event: 1501.183 Thread 0x000002b163a27590 DEOPT UNPACKING pc=0x000002b112144e42 sp=0x000000b75fcfd418 mode 1
Event: 1501.184 Thread 0x000002b163a27590 DEOPT PACKING pc=0x000002b1126e573c sp=0x000000b75fcfdba0
Event: 1501.184 Thread 0x000002b163a27590 DEOPT UNPACKING pc=0x000002b112144e42 sp=0x000000b75fcfd108 mode 1
Event: 1501.184 Thread 0x000002b163a27590 DEOPT PACKING pc=0x000002b1123c2574 sp=0x000000b75fcfdc10
Event: 1501.184 Thread 0x000002b163a27590 DEOPT UNPACKING pc=0x000002b112144e42 sp=0x000000b75fcfd178 mode 1
Event: 1501.184 Thread 0x000002b163a27590 DEOPT PACKING pc=0x000002b1123c2574 sp=0x000000b75fcfdc10
Event: 1501.184 Thread 0x000002b163a27590 DEOPT UNPACKING pc=0x000002b112144e42 sp=0x000000b75fcfd178 mode 1
Event: 1501.184 Thread 0x000002b163a27590 DEOPT PACKING pc=0x000002b1123c2574 sp=0x000000b75fcfdc10
Event: 1501.184 Thread 0x000002b163a27590 DEOPT UNPACKING pc=0x000002b112144e42 sp=0x000000b75fcfd178 mode 1
Event: 1501.184 Thread 0x000002b163a27590 DEOPT PACKING pc=0x000002b1123c2574 sp=0x000000b75fcfdc10
Event: 1501.184 Thread 0x000002b163a27590 DEOPT UNPACKING pc=0x000002b112144e42 sp=0x000000b75fcfd178 mode 1
Event: 1501.184 Thread 0x000002b163a27590 DEOPT PACKING pc=0x000002b1123c2574 sp=0x000000b75fcfdc10
Event: 1501.184 Thread 0x000002b163a27590 DEOPT UNPACKING pc=0x000002b112144e42 sp=0x000000b75fcfd178 mode 1
Event: 1501.184 Thread 0x000002b163a27590 DEOPT PACKING pc=0x000002b1123c2574 sp=0x000000b75fcfdc10
Event: 1501.184 Thread 0x000002b163a27590 DEOPT UNPACKING pc=0x000002b112144e42 sp=0x000000b75fcfd178 mode 1
Event: 1501.184 Thread 0x000002b163a27590 DEOPT PACKING pc=0x000002b1123c2574 sp=0x000000b75fcfdc10
Event: 1501.184 Thread 0x000002b163a27590 DEOPT UNPACKING pc=0x000002b112144e42 sp=0x000000b75fcfd178 mode 1
Event: 1506.101 Thread 0x000002b163a2b0a0 DEOPT PACKING pc=0x000002b1125301b4 sp=0x000000b75f8fd840
Event: 1506.101 Thread 0x000002b163a2b0a0 DEOPT UNPACKING pc=0x000002b112144e42 sp=0x000000b75f8fccf8 mode 0

Classes loaded (20 events):
Event: 914.477 Loading class sun/nio/fs/WindowsChannelFactory$2
Event: 914.478 Loading class sun/nio/fs/WindowsChannelFactory$2 done
Event: 914.478 Loading class sun/nio/ch/ChannelOutputStream
Event: 914.478 Loading class sun/nio/ch/ChannelOutputStream done
Event: 914.478 Loading class sun/nio/cs/ISO_8859_1$Encoder
Event: 914.478 Loading class sun/nio/cs/ISO_8859_1$Encoder done
Event: 914.478 Loading class sun/nio/cs/Surrogate$Parser
Event: 914.478 Loading class sun/nio/cs/Surrogate$Parser done
Event: 914.478 Loading class sun/nio/cs/Surrogate
Event: 914.478 Loading class sun/nio/cs/Surrogate done
Event: 914.870 Loading class java/util/concurrent/locks/ReentrantReadWriteLock$Sync$HoldCounter
Event: 914.870 Loading class java/util/concurrent/locks/ReentrantReadWriteLock$Sync$HoldCounter done
Event: 914.926 Loading class java/net/URLEncoder
Event: 914.926 Loading class java/net/URLEncoder done
Event: 914.926 Loading class java/io/CharArrayWriter
Event: 914.926 Loading class java/io/CharArrayWriter done
Event: 1242.970 Loading class java/time/DurationEditor
Event: 1242.970 Loading class java/time/DurationEditor done
Event: 1343.413 Loading class sun/reflect/annotation/AnnotationSupport
Event: 1343.413 Loading class sun/reflect/annotation/AnnotationSupport done

Classes unloaded (20 events):
Event: 1386.488 Thread 0x000002b11ce16ef0 Unloading class 0x000002b11f0c7000 'java/lang/invoke/LambdaForm$MH+0x000002b11f0c7000'
Event: 1386.488 Thread 0x000002b11ce16ef0 Unloading class 0x000002b11f0c9000 'java/lang/invoke/LambdaForm$MH+0x000002b11f0c9000'
Event: 1386.488 Thread 0x000002b11ce16ef0 Unloading class 0x000002b11f129400 'java/lang/invoke/LambdaForm$MH+0x000002b11f129400'
Event: 1386.488 Thread 0x000002b11ce16ef0 Unloading class 0x000002b11f220800 'java/lang/invoke/LambdaForm$MH+0x000002b11f220800'
Event: 1386.488 Thread 0x000002b11ce16ef0 Unloading class 0x000002b11f3a1c00 'java/lang/invoke/LambdaForm$MH+0x000002b11f3a1c00'
Event: 1386.488 Thread 0x000002b11ce16ef0 Unloading class 0x000002b11f43d000 'java/lang/invoke/LambdaForm$MH+0x000002b11f43d000'
Event: 1386.488 Thread 0x000002b11ce16ef0 Unloading class 0x000002b11f604000 'java/lang/invoke/LambdaForm$MH+0x000002b11f604000'
Event: 1386.488 Thread 0x000002b11ce16ef0 Unloading class 0x000002b11f4d8c00 'java/lang/invoke/LambdaForm$MH+0x000002b11f4d8c00'
Event: 1386.488 Thread 0x000002b11ce16ef0 Unloading class 0x000002b11f450000 'java/lang/invoke/LambdaForm$MH+0x000002b11f450000'
Event: 1386.488 Thread 0x000002b11ce16ef0 Unloading class 0x000002b11f442400 'java/lang/invoke/LambdaForm$BMH+0x000002b11f442400'
Event: 1386.488 Thread 0x000002b11ce16ef0 Unloading class 0x000002b11f005400 'java/lang/invoke/LambdaForm$MH+0x000002b11f005400'
Event: 1386.488 Thread 0x000002b11ce16ef0 Unloading class 0x000002b11f534800 'java/lang/invoke/LambdaForm$MH+0x000002b11f534800'
Event: 1386.488 Thread 0x000002b11ce16ef0 Unloading class 0x000002b11f0c9c00 'java/lang/invoke/LambdaForm$MH+0x000002b11f0c9c00'
Event: 1386.488 Thread 0x000002b11ce16ef0 Unloading class 0x000002b11f3fd800 'java/lang/invoke/LambdaForm$MH+0x000002b11f3fd800'
Event: 1386.488 Thread 0x000002b11ce16ef0 Unloading class 0x000002b11f3a1208 'com/example/demo/CliantManagementSystemApplication$$SpringCGLIB$$0'
Event: 1386.488 Thread 0x000002b11ce16ef0 Unloading class 0x000002b11f3a1000 'com/example/demo/web/IndexController'
Event: 1386.488 Thread 0x000002b11ce16ef0 Unloading class 0x000002b11f0dfc08 'com/example/demo/web/cliant/CliantController'
Event: 1386.488 Thread 0x000002b11ce16ef0 Unloading class 0x000002b11f0dfa00 'com/example/demo/domain/cliant/CliantService'
Event: 1386.488 Thread 0x000002b11ce16ef0 Unloading class 0x000002b11f0df800 'com/example/demo/CliantManagementSystemApplication'
Event: 1469.128 Thread 0x000002b11ce16ef0 Unloading class 0x000002b11f3d5400 'org/apache/catalina/loader/JdbcLeakPrevention'

Classes redefined (0 events):
No events

Internal exceptions (20 events):
Event: 1386.958 Thread 0x000002b164f752f0 Exception <a 'java/lang/NoClassDefFoundError'{0x0000000707440e78}: liquibase/integration/spring/SpringLiquibase> (0x0000000707440e78) 
thrown [s\src\hotspot\share\oops\constantPool.cpp, line 871]
Event: 1386.960 Thread 0x000002b164f752f0 Exception <a 'java/lang/NoClassDefFoundError'{0x00000007074585c8}: org/springframework/batch/core/repository/JobRepository> (0x00000007074585c8) 
thrown [s\src\hotspot\share\oops\constantPool.cpp, line 871]
Event: 1386.961 Thread 0x000002b164f752f0 Exception <a 'java/lang/NoClassDefFoundError'{0x0000000707458c20}: org/quartz/Scheduler> (0x0000000707458c20) 
thrown [s\src\hotspot\share\oops\constantPool.cpp, line 871]
Event: 1386.962 Thread 0x000002b164f752f0 Exception <a 'java/lang/NoClassDefFoundError'{0x00000007074592a0}: org/springframework/session/jdbc/JdbcIndexedSessionRepository> (0x00000007074592a0) 
thrown [s\src\hotspot\share\oops\constantPool.cpp, line 871]
Event: 1386.967 Thread 0x000002b164f752f0 Exception <a 'java/lang/NoClassDefFoundError'{0x00000007074985d8}: org/jooq/DSLContext> (0x00000007074985d8) 
thrown [s\src\hotspot\share\oops\constantPool.cpp, line 871]
Event: 1386.968 Thread 0x000002b164f752f0 Exception <a 'java/lang/NoClassDefFoundError'{0x0000000707499b40}: jakarta/persistence/EntityManagerFactory> (0x0000000707499b40) 
thrown [s\src\hotspot\share\oops\constantPool.cpp, line 871]
Event: 1387.011 Thread 0x000002b164f752f0 Exception <a 'java/io/FileNotFoundException'{0x00000007071bdc08}> (0x00000007071bdc08) 
thrown [s\src\hotspot\share\prims\jni.cpp, line 520]
Event: 1387.040 Thread 0x000002b164f752f0 Exception <a 'java/io/FileNotFoundException'{0x0000000706dfd4f0}> (0x0000000706dfd4f0) 
thrown [s\src\hotspot\share\prims\jni.cpp, line 520]
Event: 1469.115 Thread 0x000002b164f72b90 Exception <a 'java/lang/InterruptedException'{0x00000007079f4a40}: sleep interrupted> (0x00000007079f4a40) 
thrown [s\src\hotspot\share\prims\jvm.cpp, line 3074]
Event: 1469.165 Thread 0x000002b163a2b0a0 Exception <a 'sun/nio/fs/WindowsException'{0x0000000708874690}> (0x0000000708874690) 
thrown [s\src\hotspot\share\prims\jni.cpp, line 520]
Event: 1469.401 Thread 0x000002b163a2b0a0 Exception <a 'java/lang/NoClassDefFoundError'{0x00000007074342a8}: org/flywaydb/core/Flyway> (0x00000007074342a8) 
thrown [s\src\hotspot\share\oops\constantPool.cpp, line 871]
Event: 1469.403 Thread 0x000002b163a2b0a0 Exception <a 'java/lang/NoClassDefFoundError'{0x0000000707434908}: liquibase/integration/spring/SpringLiquibase> (0x0000000707434908) 
thrown [s\src\hotspot\share\oops\constantPool.cpp, line 871]
Event: 1469.405 Thread 0x000002b163a2b0a0 Exception <a 'java/lang/NoClassDefFoundError'{0x000000070744c148}: org/springframework/batch/core/repository/JobRepository> (0x000000070744c148) 
thrown [s\src\hotspot\share\oops\constantPool.cpp, line 871]
Event: 1469.406 Thread 0x000002b163a2b0a0 Exception <a 'java/lang/NoClassDefFoundError'{0x000000070744c7a0}: org/quartz/Scheduler> (0x000000070744c7a0) 
thrown [s\src\hotspot\share\oops\constantPool.cpp, line 871]
Event: 1469.407 Thread 0x000002b163a2b0a0 Exception <a 'java/lang/NoClassDefFoundError'{0x000000070744ce20}: org/springframework/session/jdbc/JdbcIndexedSessionRepository> (0x000000070744ce20) 
thrown [s\src\hotspot\share\oops\constantPool.cpp, line 871]
Event: 1469.410 Thread 0x000002b163a2b0a0 Exception <a 'java/lang/NoClassDefFoundError'{0x000000070748c138}: org/jooq/DSLContext> (0x000000070748c138) 
thrown [s\src\hotspot\share\oops\constantPool.cpp, line 871]
Event: 1469.411 Thread 0x000002b163a2b0a0 Exception <a 'java/lang/NoClassDefFoundError'{0x000000070748d6a0}: jakarta/persistence/EntityManagerFactory> (0x000000070748d6a0) 
thrown [s\src\hotspot\share\oops\constantPool.cpp, line 871]
Event: 1469.451 Thread 0x000002b163a2b0a0 Exception <a 'java/io/FileNotFoundException'{0x00000007071b8de8}> (0x00000007071b8de8) 
thrown [s\src\hotspot\share\prims\jni.cpp, line 520]
Event: 1469.477 Thread 0x000002b163a2b0a0 Exception <a 'java/io/FileNotFoundException'{0x0000000706df8788}> (0x0000000706df8788) 
thrown [s\src\hotspot\share\prims\jni.cpp, line 520]
Event: 1501.184 Thread 0x000002b163a27590 Exception <a 'java/lang/NoSuchMethodError'{0x00000007068cb1e8}: static [B.<clinit>()V> (0x00000007068cb1e8) 
thrown [s\src\hotspot\share\prims\jni.cpp, line 1106]

ZGC Phase Switch (0 events):
No events

VM Operations (20 events):
Event: 1512.360 Executing VM operation: get/set locals done
Event: 1512.360 Executing VM operation: get/set locals
Event: 1512.360 Executing VM operation: get/set locals done
Event: 1512.360 Executing VM operation: get/set locals
Event: 1512.360 Executing VM operation: get/set locals done
Event: 1512.361 Executing VM operation: get/set locals
Event: 1512.361 Executing VM operation: get/set locals done
Event: 1512.361 Executing VM operation: get/set locals
Event: 1512.361 Executing VM operation: get/set locals done
Event: 1512.361 Executing VM operation: get/set locals
Event: 1512.361 Executing VM operation: get/set locals done
Event: 1512.361 Executing VM operation: get/set locals
Event: 1512.361 Executing VM operation: get/set locals done
Event: 1512.362 Executing VM operation: get/set locals
Event: 1512.362 Executing VM operation: get/set locals done
Event: 1512.362 Executing VM operation: get/set locals
Event: 1512.362 Executing VM operation: get/set locals done
Event: 1512.363 Executing VM operation: get/set locals
Event: 1512.363 Executing VM operation: get/set locals done
Event: 1543.068 Executing VM operation: G1CollectForAllocation (G1 Evacuation Pause)

Events (20 events):
Event: 1469.108 Thread 0x000002b164f70ac0 Thread exited: 0x000002b164f70ac0
Event: 1469.110 Thread 0x000002b163a2a380 Thread added: 0x000002b163a2a380
Event: 1469.111 Thread 0x000002b164f738b0 Thread exited: 0x000002b164f738b0
Event: 1469.112 Thread 0x000002b163a2a380 Thread exited: 0x000002b163a2a380
Event: 1469.115 Thread 0x000002b164f72b90 Thread exited: 0x000002b164f72b90
Event: 1469.115 Thread 0x000002b164f75980 Thread exited: 0x000002b164f75980
Event: 1469.153 Thread 0x000002b163a25b50 Thread added: 0x000002b163a25b50
Event: 1469.153 Thread 0x000002b164f73f40 Thread exited: 0x000002b164f73f40
Event: 1469.153 Thread 0x000002b163a25b50 Thread exited: 0x000002b163a25b50
Event: 1469.154 Thread 0x000002b163a2b0a0 Thread added: 0x000002b163a2b0a0
Event: 1469.194 Thread 0x000002b163a25b50 Thread added: 0x000002b163a25b50
Event: 1469.228 Thread 0x000002b163a25b50 Thread exited: 0x000002b163a25b50
Event: 1469.471 Thread 0x000002b163a29cf0 Thread added: 0x000002b163a29cf0
Event: 1469.478 Thread 0x000002b163a2a380 Thread added: 0x000002b163a2a380
Event: 1469.478 Thread 0x000002b163a261e0 Thread added: 0x000002b163a261e0
Event: 1469.478 Thread 0x000002b163a2bdc0 Thread added: 0x000002b163a2bdc0
Event: 1469.579 Thread 0x000002b163a2c450 Thread added: 0x000002b163a2c450
Event: 1469.611 Thread 0x000002b16328bbc0 Thread added: 0x000002b16328bbc0
Event: 1474.631 Thread 0x000002b16328bbc0 Thread exited: 0x000002b16328bbc0
Event: 1474.723 Thread 0x000002b163a2c450 Thread exited: 0x000002b163a2c450


Dynamic libraries:
0x00007ff71cc50000 - 0x00007ff71cc5e000 	C:\ForDevelop\eclipse\pleadesAllInOne2023\java\21\bin\javaw.exe
0x00007ffd465f0000 - 0x00007ffd46807000 	C:\WINDOWS\SYSTEM32\ntdll.dll
0x00007ffd45150000 - 0x00007ffd45214000 	C:\WINDOWS\System32\KERNEL32.DLL
0x00007ffd43930000 - 0x00007ffd43cd6000 	C:\WINDOWS\System32\KERNELBASE.dll
0x00007ffd43e50000 - 0x00007ffd43f61000 	C:\WINDOWS\System32\ucrtbase.dll
0x00007ffd2b7f0000 - 0x00007ffd2b80b000 	C:\ForDevelop\eclipse\pleadesAllInOne2023\java\21\bin\VCRUNTIME140.dll
0x00007ffd2ef70000 - 0x00007ffd2ef88000 	C:\ForDevelop\eclipse\pleadesAllInOne2023\java\21\bin\jli.dll
0x00007ffd44ca0000 - 0x00007ffd44e4e000 	C:\WINDOWS\System32\USER32.dll
0x00007ffd44290000 - 0x00007ffd442b6000 	C:\WINDOWS\System32\win32u.dll
0x00007ffd27ca0000 - 0x00007ffd27f33000 	C:\WINDOWS\WinSxS\amd64_microsoft.windows.common-controls_6595b64144ccf1df_6.0.22621.2506_none_270c5ae97388e100\COMCTL32.dll
0x00007ffd45c90000 - 0x00007ffd45d37000 	C:\WINDOWS\System32\msvcrt.dll
0x00007ffd458d0000 - 0x00007ffd458f9000 	C:\WINDOWS\System32\GDI32.dll
0x00007ffd43f70000 - 0x00007ffd44088000 	C:\WINDOWS\System32\gdi32full.dll
0x00007ffd441f0000 - 0x00007ffd4428a000 	C:\WINDOWS\System32\msvcp_win.dll
0x00007ffd44510000 - 0x00007ffd44541000 	C:\WINDOWS\System32\IMM32.DLL
0x00007ffd3d6f0000 - 0x00007ffd3d6fc000 	C:\ForDevelop\eclipse\pleadesAllInOne2023\java\21\bin\vcruntime140_1.dll
0x00007ffd27840000 - 0x00007ffd278ce000 	C:\ForDevelop\eclipse\pleadesAllInOne2023\java\21\bin\msvcp140.dll
0x00007ffcc8290000 - 0x00007ffcc9013000 	C:\ForDevelop\eclipse\pleadesAllInOne2023\java\21\bin\server\jvm.dll
0x00007ffd44450000 - 0x00007ffd44503000 	C:\WINDOWS\System32\ADVAPI32.dll
0x00007ffd45540000 - 0x00007ffd455e8000 	C:\WINDOWS\System32\sechost.dll
0x00007ffd441c0000 - 0x00007ffd441e8000 	C:\WINDOWS\System32\bcrypt.dll
0x00007ffd44550000 - 0x00007ffd44667000 	C:\WINDOWS\System32\RPCRT4.dll
0x00007ffd45670000 - 0x00007ffd456e1000 	C:\WINDOWS\System32\WS2_32.dll
0x00007ffd3c350000 - 0x00007ffd3c384000 	C:\WINDOWS\SYSTEM32\WINMM.dll
0x00007ffd34700000 - 0x00007ffd3470a000 	C:\WINDOWS\SYSTEM32\VERSION.dll
0x00007ffd43800000 - 0x00007ffd4384d000 	C:\WINDOWS\SYSTEM32\POWRPROF.dll
0x00007ffd437e0000 - 0x00007ffd437f3000 	C:\WINDOWS\SYSTEM32\UMPDC.dll
0x00007ffd42930000 - 0x00007ffd42948000 	C:\WINDOWS\SYSTEM32\kernel.appcore.dll
0x00007ffd3d2e0000 - 0x00007ffd3d2ea000 	C:\ForDevelop\eclipse\pleadesAllInOne2023\java\21\bin\jimage.dll
0x00007ffd40c10000 - 0x00007ffd40e43000 	C:\WINDOWS\SYSTEM32\DBGHELP.DLL
0x00007ffd45900000 - 0x00007ffd45c89000 	C:\WINDOWS\System32\combase.dll
0x00007ffd45390000 - 0x00007ffd45467000 	C:\WINDOWS\System32\OLEAUT32.dll
0x00007ffd3a570000 - 0x00007ffd3a5a2000 	C:\WINDOWS\SYSTEM32\dbgcore.DLL
0x00007ffd442c0000 - 0x00007ffd4433a000 	C:\WINDOWS\System32\bcryptPrimitives.dll
0x00007ffd2b490000 - 0x00007ffd2b4cc000 	C:\ForDevelop\eclipse\pleadesAllInOne2023\java\21\bin\jdwp.dll
0x00007ffd3c410000 - 0x00007ffd3c41f000 	C:\ForDevelop\eclipse\pleadesAllInOne2023\java\21\bin\instrument.dll
0x00007ffd2b4e0000 - 0x00007ffd2b4ff000 	C:\ForDevelop\eclipse\pleadesAllInOne2023\java\21\bin\java.dll
0x00007ffd45d50000 - 0x00007ffd465ab000 	C:\WINDOWS\System32\SHELL32.dll
0x00007ffd41840000 - 0x00007ffd42136000 	C:\WINDOWS\SYSTEM32\windows.storage.dll
0x00007ffd41700000 - 0x00007ffd4183e000 	C:\WINDOWS\SYSTEM32\wintypes.dll
0x00007ffd44350000 - 0x00007ffd44443000 	C:\WINDOWS\System32\SHCORE.dll
0x00007ffd454e0000 - 0x00007ffd4553e000 	C:\WINDOWS\System32\shlwapi.dll
0x00007ffd43860000 - 0x00007ffd43886000 	C:\WINDOWS\SYSTEM32\profapi.dll
0x00007ffd3a9c0000 - 0x00007ffd3a9cc000 	C:\ForDevelop\eclipse\pleadesAllInOne2023\java\21\bin\dt_socket.dll
0x00007ffd423a0000 - 0x00007ffd423cd000 	C:\WINDOWS\SYSTEM32\IPHLPAPI.DLL
0x00007ffd42db0000 - 0x00007ffd42e19000 	C:\WINDOWS\system32\mswsock.dll
0x00007ffd42410000 - 0x00007ffd42509000 	C:\WINDOWS\SYSTEM32\DNSAPI.dll
0x00007ffd45380000 - 0x00007ffd45389000 	C:\WINDOWS\System32\NSI.dll
0x00007ffd3b980000 - 0x00007ffd3b98a000 	C:\Windows\System32\rasadhlp.dll
0x00007ffd3a820000 - 0x00007ffd3a8a3000 	C:\WINDOWS\System32\fwpuclnt.dll
0x00007ffd2b470000 - 0x00007ffd2b488000 	C:\ForDevelop\eclipse\pleadesAllInOne2023\java\21\bin\zip.dll
0x00007ffd3a1b0000 - 0x00007ffd3a1c0000 	C:\ForDevelop\eclipse\pleadesAllInOne2023\java\21\bin\net.dll
0x00007ffd3bf60000 - 0x00007ffd3c097000 	C:\WINDOWS\SYSTEM32\WINHTTP.dll
0x00007ffd28cf0000 - 0x00007ffd28d06000 	C:\ForDevelop\eclipse\pleadesAllInOne2023\java\21\bin\nio.dll
0x00007ffd34a90000 - 0x00007ffd34a9a000 	C:\ForDevelop\eclipse\pleadesAllInOne2023\java\21\bin\management.dll
0x00007ffd34220000 - 0x00007ffd3422b000 	C:\ForDevelop\eclipse\pleadesAllInOne2023\java\21\bin\management_ext.dll
0x00007ffd44340000 - 0x00007ffd44348000 	C:\WINDOWS\System32\PSAPI.DLL
0x00007ffd0bfb0000 - 0x00007ffd0bfc7000 	C:\WINDOWS\system32\napinsp.dll
0x00007ffd0b770000 - 0x00007ffd0b78b000 	C:\WINDOWS\system32\pnrpnsp.dll
0x00007ffd0b750000 - 0x00007ffd0b761000 	C:\WINDOWS\System32\winrnr.dll
0x00007ffd3b5d0000 - 0x00007ffd3b5e5000 	C:\WINDOWS\system32\wshbth.dll
0x00007ffd13390000 - 0x00007ffd133b1000 	C:\WINDOWS\system32\nlansp_c.dll
0x00007ffd2e8d0000 - 0x00007ffd2e8e0000 	C:\ForDevelop\eclipse\pleadesAllInOne2023\java\21\bin\verify.dll
0x00007ffd42fe0000 - 0x00007ffd42ffb000 	C:\WINDOWS\SYSTEM32\CRYPTSP.dll
0x00007ffd42890000 - 0x00007ffd428c5000 	C:\WINDOWS\system32\rsaenh.dll
0x00007ffd42e70000 - 0x00007ffd42e9c000 	C:\WINDOWS\SYSTEM32\USERENV.dll
0x00007ffd43000000 - 0x00007ffd4300c000 	C:\WINDOWS\SYSTEM32\CRYPTBASE.dll
0x00007ffd2c680000 - 0x00007ffd2c689000 	C:\ForDevelop\eclipse\pleadesAllInOne2023\java\21\bin\extnet.dll
0x00007ffd2b460000 - 0x00007ffd2b46e000 	C:\ForDevelop\eclipse\pleadesAllInOne2023\java\21\bin\sunmscapi.dll
0x00007ffd43ce0000 - 0x00007ffd43e46000 	C:\WINDOWS\System32\CRYPT32.dll
0x00007ffd431e0000 - 0x00007ffd4320e000 	C:\WINDOWS\SYSTEM32\ncrypt.dll
0x00007ffd431a0000 - 0x00007ffd431d7000 	C:\WINDOWS\SYSTEM32\NTASN1.dll
0x00007ffd3a340000 - 0x00007ffd3a348000 	C:\WINDOWS\system32\wshunix.dll

dbghelp: loaded successfully - version: 4.0.5 - missing functions: none
symbol engine: initialized successfully - sym options: 0x614 - pdb path: .;C:\ForDevelop\eclipse\pleadesAllInOne2023\java\21\bin;C:\WINDOWS\SYSTEM32;C:\WINDOWS\WinSxS\amd64_microsoft.windows.common-controls_6595b64144ccf1df_6.0.22621.2506_none_270c5ae97388e100;C:\ForDevelop\eclipse\pleadesAllInOne2023\java\21\bin\server

VM Arguments:
jvm_args: -XX:+ShowCodeDetailsInExceptionMessages -agentlib:jdwp=transport=dt_socket,suspend=y,address=localhost:51464 -Dcom.sun.management.jmxremote -Dcom.sun.management.jmxremote.port=51463 -Dcom.sun.management.jmxremote.authenticate=false -Dcom.sun.management.jmxremote.ssl=false -Djava.rmi.server.hostname=localhost -Dspring.jmx.enabled=true -Dmanagement.endpoints.jmx.exposure.include=* -Dspring.application.admin.enabled=true -XX:TieredStopAtLevel=1 -Dspring.boot.project.name=cliantManagementSystem -javaagent:C:\ForDevelop\eclipse\pleadesAllInOne2023\eclipse\configuration\org.eclipse.osgi\249\0\.cp\lib\javaagent-shaded.jar -Dfile.encoding=UTF-8 -Dstdout.encoding=UTF-8 -Dstderr.encoding=UTF-8 
java_command: com.example.demo.CliantManagementSystemApplication --spring.output.ansi.enabled=always
java_class_path (initial): C:\ForDevelop\eclipse\pleadesAllInOne2023\workspace\cliantManagementSystem\bin\main;C:\Users\Owner\.gradle\caches\modules-2\files-2.1\org.projectlombok\lombok\1.18.30\f195ee86e6c896ea47a1d39defbe20eb59cd149d\lombok-1.18.30.jar;C:\Users\Owner\.gradle\caches\modules-2\files-2.1\org.springframework.boot\spring-boot-starter-thymeleaf\3.2.2\d1895c9a600547d53dddfff7c57ab7838df5d65\spring-boot-starter-thymeleaf-3.2.2.jar;C:\Users\Owner\.gradle\caches\modules-2\files-2.1\org.springframework.boot\spring-boot-starter-validation\3.2.2\faedd363ffbafde6a23bc7183ce79de11a96e780\spring-boot-starter-validation-3.2.2.jar;C:\Users\Owner\.gradle\caches\modules-2\files-2.1\org.springframework.boot\spring-boot-starter-web\3.2.2\b89d213d9f49c3e6247b2503ac7d94b0ac8260f6\spring-boot-starter-web-3.2.2.jar;C:\Users\Owner\.gradle\caches\modules-2\files-2.1\org.mybatis.spring.boot\mybatis-spring-boot-starter\3.0.3\19528356bf8bad2be5f8bf796dfc30bcc4996054\mybatis-spring-boot-starter-3.0.3.jar;C:\Users\Owner\.gradle\caches\modules-2\files-2.1\org.springframework.boot\spring-boot-starter-json\3.2.2\328f5ce9e10d5f90520e72a3ff8a2586b9e46b37\spring-boot-starter-json-3.2.2.jar;C:\Users\Owner\.gradle\caches\modules-2\files-2.1\org.springframework.boot\spring-boot-starter-jdbc\3.2.2\22ffda6938dca5f584c8b1b64e4e9096e8302c1e\spring-boot-starter-jdbc-3.2.2.jar;C:\Users\Owner\.gradle\caches\modules-2\files-2.1\org.springframework.boot\spring-boot-starter\3.2.2\dc04714f9295297f92fa8099eb51edc54dbe67db\spring-boot-starter-3.2.2.jar;C:\Users\Owner\.gradle\caches\modules-2\files-2.1\org.thymeleaf\thymeleaf-spring6\3.1.2.RELEASE\6030c7b4e260c41336f378e53da6e8531263f24b\thymeleaf-spring6-3.1.2.RELEASE.jar;C:\Users\Owner\.gradle\caches\modules-2\files-2.1\org.springframework.boot\spring-boot-starter-tomcat\3.2.2\e22a0ba37910731b382f3fe47ad36aed20fad24d\spring-boot-starter-tomcat-3.2.2.jar;C:\Users\Owner\.gradle\caches\modules-2\files-2.1\org.apache.tomcat.embed\tomcat-embed-el\10.1.18\b2c4dc05abd363c63b245523bb071727aa2f1046\tomcat-embed-el-10.1.18.jar;C:\Users\Owner\.gradle\caches\modules-2\files-2.1\org.hibernate.validator\hibernate-validator\8.0.1.Final\e49e116b3d3928060599b176b3538bb848718e95\hibernate-validator-8.0.1.Final.jar;C:\Users\Owner\.gradle\caches\modules-2\files-2.1\org.springframework\spring-webmvc\6.1.3\f4738a57787add6567e0679eebb1b499a11019cc\spring-webmvc-6.1.3.jar;C:\Users\Owner\.gradle\caches\modules-2\files-2.1\org.springframework\spring-web\6.1.3\cc3459b4abd436331608ddb6424886875f7086ab\spring-web-6.1.3.jar;C:\Users\Owner\.gradle\caches\modules-2\files-2.1\org.mybatis.spring.boot\mybatis-spring-boot-autoconfigure\3.0.3\b73a2effa4f60a2eeca98aa12ea3437faede0f73\mybatis-spring-boot-autoconfigure-3.0.3.jar;C:\Users\Owner\.gradle\caches\modules-2\files-2.1\org.mybatis\mybatis\3.5.14\d94d2267d1caf1c31748123e671dcea5ad1a6f8\mybatis-3.5.14.jar;C:\Users\Owner\.gradle\caches\modules-2\files-2.1\org.mybatis\mybatis-spring\3.0.3\5a4ab31bfb62bca615b39ade93de2a607e9b9403\mybatis-spring-3.0.3.jar;C:\Users\Owner\.gradle\caches\modules-2\files-2.1\org.springframework.boot\spring-boot-autoconfigure\3.2.2\5c407409f8d260a4bc6e173d16fc3b36e6adec21\spring-boot-autoconfigure-3.2.2.jar;C:\Users\Owner\.gradle\caches\modules-2\files-2.1\org.springframework.boot\spring-boot\3.2.2\9f274d1bd822c4c57bb5b37ecae2380b980f567\spring-boot-3.2.2.jar;C:\Users\Owner\.gradle\caches\modules-2\files-2.1\org.springframework.boot\spring-boot-starter-logging\3.2.2\3347c3b1cec6cf2d5fa186d1e49d2f378a6b7cae\spring-boot-starter-logging-3.2.2.jar;C:\Users\Owner\.gradle\caches\modules-2\files-2.1\jakarta.annotation\jakarta.annotation-api\2.1.1\48b9bda22b091b1f48b13af03fe36db3be6e1ae3\jakarta.annotation-api-2.1.1.jar;C:\Users\Owner\.gradle\caches\modules-2\files-2.1\org.springframework\spring-context\6.1.3\c63f038933701058fd7578460c66dbe2d424915\spring-context-6.1.3.jar;C:\Users\Owner\.gradle\caches\modules-2\files-2.1\org.springframework\spring-aop\6.1.3\4d9bd4bd9b8bedf9ef151b45c79766b336117b9a\spring-aop-6.1.3.jar;C:\Users\Owner\.gradle\caches\modules-2\files-2.1\org.springframework\spring-jdbc\6.1.3\be4b30cc956b26f13e04ccadc2b0575038c531bb\spring-jdbc-6.1.3.jar;C:\Users\Owner\.gradle\caches\modules-2\files-2.1\org.springframework\spring-tx\6.1.3\7750337bf46a2ff248685915c7cc88d3bef2f666\spring-tx-6.1.3.jar;C:\Users\Owner\.gradle\caches\modules-2\files-2.1\org.springframework\spring-beans\6.1.3\c2df4210e796d3a27efc1f22621aa4e2c6cd985f\spring-beans-6.1.3.jar;C:\Users\Owner\.gradle\caches\modules-2\files-2.1\org.springframework\spring-expression\6.1.3\7c35fc3d7525a024fdde8a5d7597a6a8a4e59d7\spring-expression-6.1.3.jar;C:\Users\Owner\.gradle\caches\modules-2\files-2.1\org.springframework\spring-core\6.1.3\a002e96e780954cc3ac4cd70fd3bb16accdc47ed\spring-core-6.1.3.jar;C:\Users\Owner\.gradle\caches\modules-2\files-2.1\org.yaml\snakeyaml\2.2\3af797a25458550a16bf89acc8e4ab2b7f2bfce0\snakeyaml-2.2.jar;C:\Users\Owner\.gradle\caches\modules-2\files-2.1\org.thymeleaf\thymeleaf\3.1.2.RELEASE\273997509a4c7aef86cee0521750140c587d9be2\thymeleaf-3.1.2.RELEASE.jar;C:\Users\Owner\.gradle\caches\modules-2\files-2.1\com.zaxxer\HikariCP\5.0.1\a74c7f0a37046846e88d54f7cb6ea6d565c65f9c\HikariCP-5.0.1.jar;C:\Users\Owner\.gradle\caches\modules-2\files-2.1\ch.qos.logback\logback-classic\1.4.14\d98bc162275134cdf1518774da4a2a17ef6fb94d\logback-classic-1.4.14.jar;C:\Users\Owner\.gradle\caches\modules-2\files-2.1\org.apache.logging.log4j\log4j-to-slf4j\2.21.1\d77b2ba81711ed596cd797cc2b5b5bd7409d841c\log4j-to-slf4j-2.21.1.jar;C:\Users\Owner\.gradle\caches\modules-2\files-2.1\org.slf4j\jul-to-slf4j\2.0.11\279356f8e873b1a26badd8bbb3284b5c3b22c770\jul-to-slf4j-2.0.11.jar;C:\Users\Owner\.gradle\caches\modules-2\files-2.1\org.slf4j\slf4j-api\2.0.11\ad96c3f8cf895e696dd35c2bc8e8ebe710be9e6d\slf4j-api-2.0.11.jar;C:\Users\Owner\.gradle\caches\modules-2\files-2.1\jakarta.validation\jakarta.validation-api\3.0.2\92b6631659ba35ca09e44874d3eb936edfeee532\jakarta.validation-api-3.0.2.jar;C:\Users\Owner\.gradle\caches\modules-2\files-2.1\org.jboss.logging\jboss-logging\3.5.3.Final\c88fc1d8a96d4c3491f55d4317458ccad53ca663\jboss-logging-3.5.3.Final.jar;C:\Users\Owner\.gradle\caches\modules-2\files-2.1\com.fasterxml\classmate\1.6.0\91affab6f84a2182fce5dd72a8d01bc14346dddd\classmate-1.6.0.jar;C:\Users\Owner\.gradle\caches\modules-2\files-2.1\com.fasterxml.jackson.datatype\jackson-datatype-jsr310\2.15.3\4a20a0e104931bfa72f24ef358c2eb63f1ef2aaf\jackson-datatype-jsr310-2.15.3.jar;C:\Users\Owner\.gradle\caches\modules-2\files-2.1\com.fasterxml.jackson.module\jackson-module-parameter-names\2.15.3\8d251b90c5358677e7d8161e0c2488e6f84f49da\jackson-module-parameter-names-2.15.3.jar;C:\Users\Owner\.gradle\caches\modules-2\files-2.1\com.fasterxml.jackson.core\jackson-annotations\2.15.3\79baf4e605eb3bbb60b1c475d44a7aecceea1d60\jackson-annotations-2.15.3.jar;C:\Users\Owner\.gradle\caches\modules-2\files-2.1\com.fasterxml.jackson.core\jackson-core\2.15.3\60d600567c1862840397bf9ff5a92398edc5797b\jackson-core-2.15.3.jar;C:\Users\Owner\.gradle\caches\modules-2\files-2.1\com.fasterxml.jackson.datatype\jackson-datatype-jdk8\2.15.3\80158cb020c7bd4e4ba94d8d752a65729dc943b2\jackson-datatype-jdk8-2.15.3.jar;C:\Users\Owner\.gradle\caches\modules-2\files-2.1\com.fasterxml.jackson.core\jackson-databind\2.15.3\a734bc2c47a9453c4efa772461a3aeb273c010d9\jackson-databind-2.15.3.jar;C:\Users\Owner\.gradle\caches\modules-2\files-2.1\org.apache.tomcat.embed\tomcat-embed-websocket\10.1.18\83a3bc6898f2ceed2357ba231a5e83dc2016d454\tomcat-embed-websocket-10.1.18.jar;C:\Users\Owner\.gradle\caches\modules-2\files-2.1\org.apache.tomcat.embed\tomcat-embed-core\10.1.18\bff6c34649d1dd7b509e819794d73ba795947dcf\tomcat-embed-core-10.1.18.jar;C:\Users\Owner\.gradle\caches\modules-2\files-2.1\io.micrometer\micrometer-observation\1.12.2\e082b05a2527fc24ea6fbe4c4b7ae34653aace81\micrometer-observation-1.12.2.jar;C:\Users\Owner\.gradle\caches\modules-2\files-2.1\org.springframework\spring-jcl\6.1.3\a715e091ee86243ee94534a03f3c26b4e48de31e\spring-jcl-6.1.3.jar;C:\Users\Owner\.gradle\caches\modules-2\files-2.1\org.attoparser\attoparser\2.0.7.RELEASE\e5d0e988d9124139d645bb5872b24dfa23e283cc\attoparser-2.0.7.RELEASE.jar;C:\Users\Owner\.gradle\caches\modules-2\files-2.1\org.unbescape\unbescape\1.1.6.RELEASE\7b90360afb2b860e09e8347112800d12c12b2a13\unbescape-1.1.6.RELEASE.jar;C:\Users\Owner\.gradle\caches\modules-2\files-2.1\io.micrometer\micrometer-commons\1.12.2\b44127d8ec7b3ef11a01912d1e6474e1167f3929\micrometer-commons-1.12.2.jar;C:\Users\Owner\.gradle\caches\modules-2\files-2.1\ch.qos.logback\logback-core\1.4.14\4d3c2248219ac0effeb380ed4c5280a80bf395e8\logback-core-1.4.14.jar;C:\Users\Owner\.gradle\caches\modules-2\files-2.1\org.apache.logging.log4j\log4j-api\2.21.1\74c65e87b9ce1694a01524e192d7be989ba70486\log4j-api-2.21.1.jar;C:\Users\Owner\.gradle\caches\modules-2\files-2.1\org.springframework.boot\spring-boot-devtools\3.2.2\5d4ce10e0c8d4a6cc040a1836280f379893a8213\spring-boot-devtools-3.2.2.jar;C:\Users\Owner\.gradle\caches\modules-2\files-2.1\com.h2database\h2\2.2.224\7bdade27d8cd197d9b5ce9dc251f41d2edc5f7ad\h2-2.2.224.jar
Launcher Type: SUN_STANDARD

[Global flags]
     intx CICompilerCount                          = 4                                         {product} {ergonomic}
     uint ConcGCThreads                            = 2                                         {product} {ergonomic}
     uint G1ConcRefinementThreads                  = 8                                         {product} {ergonomic}
   size_t G1HeapRegionSize                         = 2097152                                   {product} {ergonomic}
    uintx GCDrainStackTargetSize                   = 64                                        {product} {ergonomic}
   size_t InitialHeapSize                          = 264241152                                 {product} {ergonomic}
     bool ManagementServer                         = true                                      {product} {command line}
   size_t MarkStackSize                            = 4194304                                   {product} {ergonomic}
   size_t MaxHeapSize                              = 4221566976                                {product} {ergonomic}
   size_t MaxNewSize                               = 2531262464                                {product} {ergonomic}
   size_t MinHeapDeltaBytes                        = 2097152                                   {product} {ergonomic}
   size_t MinHeapSize                              = 8388608                                   {product} {ergonomic}
    uintx NonNMethodCodeHeapSize                   = 4096                                   {pd product} {ergonomic}
    uintx NonProfiledCodeHeapSize                  = 0                                      {pd product} {ergonomic}
     bool ProfileInterpreter                       = false                                  {pd product} {command line}
    uintx ProfiledCodeHeapSize                     = 0                                      {pd product} {ergonomic}
     bool ShowCodeDetailsInExceptionMessages       = true                                   {manageable} {command line}
   size_t SoftMaxHeapSize                          = 4221566976                             {manageable} {ergonomic}
     intx TieredStopAtLevel                        = 1                                         {product} {command line}
     bool UseCompressedOops                        = true                           {product lp64_product} {ergonomic}
     bool UseG1GC                                  = true                                      {product} {ergonomic}
     bool UseLargePagesIndividualAllocation        = false                                  {pd product} {ergonomic}

Logging:
Log output configuration:
 #0: stdout all=warning uptime,level,tags foldmultilines=false
 #1: stderr all=off uptime,level,tags foldmultilines=false

Environment Variables:
JAVA_HOME=C:\ForDevelop\AdoptopenJDK\jdk-11.0.22_7\
PATH=C:/ForDevelop/eclipse/pleadesAllInOne2023/java/17/bin/server;C:/ForDevelop/eclipse/pleadesAllInOne2023/java/17/bin;C:\ForDevelop\AdoptopenJDK\jdk-11.0.22_7\bin;C:\Program Files\Common Files\Oracle\Java\javapath;C:\Program Files (x86)\Common Files\Apple\Apple Application Support;C:\WINDOWS\system32;C:\WINDOWS;C:\WINDOWS\System32\Wbem;C:\WINDOWS\System32\WindowsPowerShell\v1.0\;C:\WINDOWS\System32\OpenSSH\;C:\Program Files (x86)\Fujitsu\FJAgent\Core\bin;C:\Program Files\Git\cmd;C:\Program Files\Microsoft SQL Server\150\Tools\Binn\;C:\Program Files\Microsoft SQL Server\Client SDK\ODBC\170\Tools\Binn\;C:\Program Files\dotnet\;C:\Program Files\nodejs\;C:\Program Files\MySQL\MySQL Server 8.0\bin;C:\Program Files\MySQL\MySQL Shell 8.0\bin\;C:\Users\Owner\anaconda3;C:\Users\Owner\anaconda3\Library\mingw-w64\bin;C:\Users\Owner\anaconda3\Library\usr\bin;C:\Users\Owner\anaconda3\Library\bin;C:\Users\Owner\anaconda3\Scripts;C:\Users\Owner\AppData\Local\Programs\Python\Python311\Scripts\;C:\Users\Owner\AppData\Local\Programs\Python\Python311\;C:\Users\Owner\AppData\Local\Microsoft\WindowsApps;C:\Users\Owner\AppData\Local\Programs\Microsoft VS Code\bin;C:\Users\Owner\AppData\Local\Packages\PythonSoftwareFoundation.Python.3.10_qbz5n2kfra8p0\LocalCache\local-packages\Python310\site-packages;search-ms:displayname=%3A%20site-packages&crumb=location:C%3A%5CUsers%5COwner%5CAppData%5CLocal%5CPackages%5CPythonSoftwareFoundation.Python.3.10_qbz5n2kfra8p0%5CLocalCache%5Clocal-packages%5CPython310%5Csite-packages\streamlit;C:\Users\Owner\.dotnet\tools;C:\Users\Owner\AppData\Local\GitHubDesktop\bin;C:Program FilesJavajdk-21\bin;C:\Users\Owner\AppData\Roaming\npm;C:\ForDevelop\eclipse\pleadesAllInOne2023\eclipse;
USERNAME=Owner
OS=Windows_NT
PROCESSOR_IDENTIFIER=Intel64 Family 6 Model 142 Stepping 12, GenuineIntel
TMP=C:\Users\Owner\AppData\Local\Temp
TEMP=C:\Users\Owner\AppData\Local\Temp




Periodic native trim disabled

---------------  S Y S T E M  ---------------

OS:
 Windows 11 , 64 bit Build 22621 (10.0.22621.3085)
OS uptime: 7 days 4:46 hours
Hyper-V role detected

CPU: total 8 (initial active 8) (4 cores per cpu, 2 threads per core) family 6 model 142 stepping 12 microcode 0xde, cx8, cmov, fxsr, ht, mmx, 3dnowpref, sse, sse2, sse3, ssse3, sse4.1, sse4.2, popcnt, lzcnt, tsc, tscinvbit, avx, avx2, aes, erms, clmul, bmi1, bmi2, adx, fma, vzeroupper, clflush, clflushopt, hv, rdtscp, f16c
Processor Information for all 8 processors :
  Max Mhz: 1992, Current Mhz: 1792, Mhz Limit: 1792

Memory: 4k page, system-wide physical 16101M (4125M free)
TotalPageFile size 18533M (AvailPageFile size 3249M)
current process WorkingSet (physical memory assigned to process): 203M, peak: 252M
current process commit charge ("private bytes"): 242M, peak: 377M

vm_info: OpenJDK 64-Bit Server VM (21.0.2+13-LTS) for windows-amd64 JRE (21.0.2+13-LTS), built on 2024-01-16T00:00:00Z by "admin" with unknown MS VC++:1937

END.
